Change Net Name : Old Net Name=GPIO 0 New Net Name=NetC25_2
Change Net Name : Old Net Name=GPIO 1 New Net Name=NetC23_2
Change Net Name : Old Net Name=GPIO 2 New Net Name=NetC27_2
Change Net Name : Old Net Name=GPIO 3 New Net Name=NetC26_2
Change Net Name : Old Net Name=GPIO 6 New Net Name=NetC24_2
Change Net Name : Old Net Name=NetR13_2 New Net Name=GPIO 2
Added Pin To Net: NetName=GPIO 0 Pin=R10-2
Added Pin To Net: NetName=GPIO 0 Pin=U2-39
Added Net: Name=GPIO 0
Added Pin To Net: NetName=GPIO 1 Pin=R11-2
Added Pin To Net: NetName=GPIO 1 Pin=U2-40
Added Net: Name=GPIO 1
Added Pin To Net: NetName=GPIO 3 Pin=R14-1
Added Pin To Net: NetName=GPIO 3 Pin=U2-42
Added Net: Name=GPIO 3
Added Pin To Net: NetName=GPIO 6 Pin=R12-2
Added Pin To Net: NetName=GPIO 6 Pin=U5-1
Added Net: Name=GPIO 6
Added Room: Name=RcTransmitterMC
Added Room: Name=RcTransmitterPower
Added Room: Name=RcTransmitterSwitches
