Removed Pin From Net: NetName=GPIO 0 Pin=U2-39
Removed Pin From Net: NetName=GPIO 1 Pin=U2-40
Removed Pin From Net: NetName=GPIO 2 Pin=U2-41
Removed Pin From Net: NetName=GPIO 3 Pin=U2-42
Removed Pin From Net: NetName=GPIO 6 Pin=U5-1
Added Component: Designator=C22(CAPC 0603)
Add component (AddParameter): Name = "Category"; Value = "Capacitor Ceramic"; VariantName = "[No Variations]"
Add component (AddParameter): Name = "Package / Case"; Value = "0603"; VariantName = "[No Variations]"
Add component (AddParameter): Name = "Part Number"; Value = "CAPC0328"; VariantName = "[No Variations]"
Add component (AddParameter): Name = "Tolerance"; Value = "%10"; VariantName = "[No Variations]"
Add component (AddParameter): Name = "Value"; Value = "100nF"; VariantName = "[No Variations]"
Add component (AddParameter): Name = "Value Rating"; Value = "nF"; VariantName = "[No Variations]"
Add component (AddParameter): Name = "Values"; Value = "100nF 35V"; VariantName = "[No Variations]"
Add component (AddParameter): Name = "Voltage"; Value = "35V"; VariantName = "[No Variations]"
Added Component: Designator=C23(CAPC 0603)
Add component (AddParameter): Name = "Category"; Value = "Capacitor Ceramic"; VariantName = "[No Variations]"
Add component (AddParameter): Name = "Package / Case"; Value = "0603"; VariantName = "[No Variations]"
Add component (AddParameter): Name = "Part Number"; Value = "CAPC0328"; VariantName = "[No Variations]"
Add component (AddParameter): Name = "Tolerance"; Value = "%10"; VariantName = "[No Variations]"
Add component (AddParameter): Name = "Value"; Value = "100nF"; VariantName = "[No Variations]"
Add component (AddParameter): Name = "Value Rating"; Value = "nF"; VariantName = "[No Variations]"
Add component (AddParameter): Name = "Values"; Value = "100nF 35V"; VariantName = "[No Variations]"
Add component (AddParameter): Name = "Voltage"; Value = "35V"; VariantName = "[No Variations]"
Added Component: Designator=C24(CAPC 0603)
Add component (AddParameter): Name = "Category"; Value = "Capacitor Ceramic"; VariantName = "[No Variations]"
Add component (AddParameter): Name = "Package / Case"; Value = "0603"; VariantName = "[No Variations]"
Add component (AddParameter): Name = "Part Number"; Value = "CAPC0328"; VariantName = "[No Variations]"
Add component (AddParameter): Name = "Tolerance"; Value = "%10"; VariantName = "[No Variations]"
Add component (AddParameter): Name = "Value"; Value = "100nF"; VariantName = "[No Variations]"
Add component (AddParameter): Name = "Value Rating"; Value = "nF"; VariantName = "[No Variations]"
Add component (AddParameter): Name = "Values"; Value = "100nF 35V"; VariantName = "[No Variations]"
Add component (AddParameter): Name = "Voltage"; Value = "35V"; VariantName = "[No Variations]"
Added Component: Designator=C25(CAPC 0603)
Add component (AddParameter): Name = "Category"; Value = "Capacitor Ceramic"; VariantName = "[No Variations]"
Add component (AddParameter): Name = "Package / Case"; Value = "0603"; VariantName = "[No Variations]"
Add component (AddParameter): Name = "Part Number"; Value = "CAPC0328"; VariantName = "[No Variations]"
Add component (AddParameter): Name = "Tolerance"; Value = "%10"; VariantName = "[No Variations]"
Add component (AddParameter): Name = "Value"; Value = "100nF"; VariantName = "[No Variations]"
Add component (AddParameter): Name = "Value Rating"; Value = "nF"; VariantName = "[No Variations]"
Add component (AddParameter): Name = "Values"; Value = "100nF 35V"; VariantName = "[No Variations]"
Add component (AddParameter): Name = "Voltage"; Value = "35V"; VariantName = "[No Variations]"
Added Component: Designator=C26(CAPC 0603)
Add component (AddParameter): Name = "Category"; Value = "Capacitor Ceramic"; VariantName = "[No Variations]"
Add component (AddParameter): Name = "Package / Case"; Value = "0603"; VariantName = "[No Variations]"
Add component (AddParameter): Name = "Part Number"; Value = "CAPC0328"; VariantName = "[No Variations]"
Add component (AddParameter): Name = "Tolerance"; Value = "%10"; VariantName = "[No Variations]"
Add component (AddParameter): Name = "Value"; Value = "100nF"; VariantName = "[No Variations]"
Add component (AddParameter): Name = "Value Rating"; Value = "nF"; VariantName = "[No Variations]"
Add component (AddParameter): Name = "Values"; Value = "100nF 35V"; VariantName = "[No Variations]"
Add component (AddParameter): Name = "Voltage"; Value = "35V"; VariantName = "[No Variations]"
Added Component: Designator=C27(CAPC 0603)
Add component (AddParameter): Name = "Category"; Value = "Capacitor Ceramic"; VariantName = "[No Variations]"
Add component (AddParameter): Name = "Package / Case"; Value = "0603"; VariantName = "[No Variations]"
Add component (AddParameter): Name = "Part Number"; Value = "CAPC0328"; VariantName = "[No Variations]"
Add component (AddParameter): Name = "Tolerance"; Value = "%10"; VariantName = "[No Variations]"
Add component (AddParameter): Name = "Value"; Value = "100nF"; VariantName = "[No Variations]"
Add component (AddParameter): Name = "Value Rating"; Value = "nF"; VariantName = "[No Variations]"
Add component (AddParameter): Name = "Values"; Value = "100nF 35V"; VariantName = "[No Variations]"
Add component (AddParameter): Name = "Voltage"; Value = "35V"; VariantName = "[No Variations]"
Added Component: Designator=R9(RESC 0603)
Add component (AddParameter): Name = "Category"; Value = "Resistor"; VariantName = "[No Variations]"
Add component (AddParameter): Name = "Package / Case"; Value = "0603"; VariantName = "[No Variations]"
Add component (AddParameter): Name = "Part Number"; Value = "R0196"; VariantName = "[No Variations]"
Add component (AddParameter): Name = "Power"; Value = "1/10W"; VariantName = "[No Variations]"
Add component (AddParameter): Name = "Tolerance"; Value = "%5"; VariantName = "[No Variations]"
Add component (AddParameter): Name = "Value"; Value = "1K"; VariantName = "[No Variations]"
Add component (AddParameter): Name = "Values"; Value = "1K"; VariantName = "[No Variations]"
Added Component: Designator=R10(RESC 0603)
Add component (AddParameter): Name = "Category"; Value = "Resistor"; VariantName = "[No Variations]"
Add component (AddParameter): Name = "Package / Case"; Value = "0603"; VariantName = "[No Variations]"
Add component (AddParameter): Name = "Part Number"; Value = "R0196"; VariantName = "[No Variations]"
Add component (AddParameter): Name = "Power"; Value = "1/10W"; VariantName = "[No Variations]"
Add component (AddParameter): Name = "Tolerance"; Value = "%5"; VariantName = "[No Variations]"
Add component (AddParameter): Name = "Value"; Value = "1K"; VariantName = "[No Variations]"
Add component (AddParameter): Name = "Values"; Value = "1K"; VariantName = "[No Variations]"
Added Component: Designator=R11(RESC 0603)
Add component (AddParameter): Name = "Category"; Value = "Resistor"; VariantName = "[No Variations]"
Add component (AddParameter): Name = "Package / Case"; Value = "0603"; VariantName = "[No Variations]"
Add component (AddParameter): Name = "Part Number"; Value = "R0196"; VariantName = "[No Variations]"
Add component (AddParameter): Name = "Power"; Value = "1/10W"; VariantName = "[No Variations]"
Add component (AddParameter): Name = "Tolerance"; Value = "%5"; VariantName = "[No Variations]"
Add component (AddParameter): Name = "Value"; Value = "1K"; VariantName = "[No Variations]"
Add component (AddParameter): Name = "Values"; Value = "1K"; VariantName = "[No Variations]"
Added Component: Designator=R12(RESC 0603)
Add component (AddParameter): Name = "Category"; Value = "Resistor"; VariantName = "[No Variations]"
Add component (AddParameter): Name = "Package / Case"; Value = "0603"; VariantName = "[No Variations]"
Add component (AddParameter): Name = "Part Number"; Value = "R0196"; VariantName = "[No Variations]"
Add component (AddParameter): Name = "Power"; Value = "1/10W"; VariantName = "[No Variations]"
Add component (AddParameter): Name = "Tolerance"; Value = "%5"; VariantName = "[No Variations]"
Add component (AddParameter): Name = "Value"; Value = "1K"; VariantName = "[No Variations]"
Add component (AddParameter): Name = "Values"; Value = "1K"; VariantName = "[No Variations]"
Added Component: Designator=R13(RESC 0603)
Add component (AddParameter): Name = "Category"; Value = "Resistor"; VariantName = "[No Variations]"
Add component (AddParameter): Name = "Package / Case"; Value = "0603"; VariantName = "[No Variations]"
Add component (AddParameter): Name = "Part Number"; Value = "R0196"; VariantName = "[No Variations]"
Add component (AddParameter): Name = "Power"; Value = "1/10W"; VariantName = "[No Variations]"
Add component (AddParameter): Name = "Tolerance"; Value = "%5"; VariantName = "[No Variations]"
Add component (AddParameter): Name = "Value"; Value = "1K"; VariantName = "[No Variations]"
Add component (AddParameter): Name = "Values"; Value = "1K"; VariantName = "[No Variations]"
Added Component: Designator=R14(RESC 0603)
Add component (AddParameter): Name = "Category"; Value = "Resistor"; VariantName = "[No Variations]"
Add component (AddParameter): Name = "Package / Case"; Value = "0603"; VariantName = "[No Variations]"
Add component (AddParameter): Name = "Part Number"; Value = "R0196"; VariantName = "[No Variations]"
Add component (AddParameter): Name = "Power"; Value = "1/10W"; VariantName = "[No Variations]"
Add component (AddParameter): Name = "Tolerance"; Value = "%5"; VariantName = "[No Variations]"
Add component (AddParameter): Name = "Value"; Value = "1K"; VariantName = "[No Variations]"
Add component (AddParameter): Name = "Values"; Value = "1K"; VariantName = "[No Variations]"
Added Pin To Net: NetName=GND Pin=C22-1
Added Pin To Net: NetName=ADC7 Pin=C22-2
Added Pin To Net: NetName=GND Pin=C23-1
Added Pin To Net: NetName=GPIO 1 Pin=C23-2
Added Pin To Net: NetName=GND Pin=C24-1
Added Pin To Net: NetName=GPIO 6 Pin=C24-2
Added Pin To Net: NetName=GND Pin=C25-1
Added Pin To Net: NetName=GPIO 0 Pin=C25-2
Added Pin To Net: NetName=GND Pin=C26-1
Added Pin To Net: NetName=GPIO 3 Pin=C26-2
Added Pin To Net: NetName=GND Pin=C27-1
Added Pin To Net: NetName=GPIO 2 Pin=C27-2
Added Pin To Net: NetName=ADC7 Pin=R9-1
Added Pin To Net: NetName=ADC7 Pin=R9-2
Added Pin To Net: NetName=GPIO 0 Pin=R10-1
Added Pin To Net: NetName=GPIO 1 Pin=R11-1
Added Pin To Net: NetName=GPIO 6 Pin=R12-1
Added Pin To Net: NetName=GPIO 2 Pin=R13-1
Added Pin To Net: NetName=GPIO 3 Pin=R14-2
Added Pin To Net: NetName=NetR13_2 Pin=R13-2
Added Pin To Net: NetName=NetR13_2 Pin=U2-41
Added Net: Name=NetR13_2
Added Member To Class: ClassName=RcTransmitterMC Member=Component C22 100nF
Added Member To Class: ClassName=RcTransmitterSwitches Member=Component C23 100nF
Added Member To Class: ClassName=RcTransmitterSwitches Member=Component C24 100nF
Added Member To Class: ClassName=RcTransmitterSwitches Member=Component C25 100nF
Added Member To Class: ClassName=RcTransmitterSwitches Member=Component C26 100nF
Added Member To Class: ClassName=RcTransmitterSwitches Member=Component C27 100nF
Added Member To Class: ClassName=RcTransmitterMC Member=Component R9 1K
Added Member To Class: ClassName=RcTransmitterSwitches Member=Component R10 1K
Added Member To Class: ClassName=RcTransmitterSwitches Member=Component R11 1K
Added Member To Class: ClassName=RcTransmitterSwitches Member=Component R12 1K
Added Member To Class: ClassName=RcTransmitterSwitches Member=Component R13 1K
Added Member To Class: ClassName=RcTransmitterSwitches Member=Component R14 1K
Added Member To Class: ClassName=RcTransmitterMC Member=Component U NRF24L01P-MODULE-PCB
Added Room: Name=RcTransmitterMC
Added Room: Name=RcTransmitterPower
Added Room: Name=RcTransmitterSwitches
