Added Component: Designator=C1(CAPC 0603)
Add component (AddParameter): Name = "Category"; Value = "Capacitor Ceramic"; VariantName = "[No Variations]"
Add component (AddParameter): Name = "Package / Case"; Value = "0603"; VariantName = "[No Variations]"
Add component (AddParameter): Name = "Part Number"; Value = "CAPC0301"; VariantName = "[No Variations]"
Add component (AddParameter): Name = "Tolerance"; Value = "%10"; VariantName = "[No Variations]"
Add component (AddParameter): Name = "Value"; Value = "10uF"; VariantName = "[No Variations]"
Add component (AddParameter): Name = "Value Rating"; Value = "uF"; VariantName = "[No Variations]"
Add component (AddParameter): Name = "Values"; Value = "10uF 50V"; VariantName = "[No Variations]"
Add component (AddParameter): Name = "Voltage"; Value = "50V"; VariantName = "[No Variations]"
Added Component: Designator=C2(CAPC 0402)
Add component (AddParameter): Name = "Category"; Value = "Capacitor Ceramic"; VariantName = "[No Variations]"
Add component (AddParameter): Name = "Favorites"; Value = "Favorite"; VariantName = "[No Variations]"
Add component (AddParameter): Name = "Package / Case"; Value = "0402"; VariantName = "[No Variations]"
Add component (AddParameter): Name = "Part Number"; Value = "CAPC0054"; VariantName = "[No Variations]"
Add component (AddParameter): Name = "Tolerance"; Value = "%10"; VariantName = "[No Variations]"
Add component (AddParameter): Name = "Value"; Value = "100nF"; VariantName = "[No Variations]"
Add component (AddParameter): Name = "Value Rating"; Value = "nF"; VariantName = "[No Variations]"
Add component (AddParameter): Name = "Values"; Value = "100nF 50V"; VariantName = "[No Variations]"
Add component (AddParameter): Name = "Voltage"; Value = "50V"; VariantName = "[No Variations]"
Added Component: Designator=C3(CAPC 0603)
Add component (AddParameter): Name = "Category"; Value = "Capacitor Ceramic"; VariantName = "[No Variations]"
Add component (AddParameter): Name = "Package / Case"; Value = "0603"; VariantName = "[No Variations]"
Add component (AddParameter): Name = "Part Number"; Value = "CAPC0301"; VariantName = "[No Variations]"
Add component (AddParameter): Name = "Tolerance"; Value = "%10"; VariantName = "[No Variations]"
Add component (AddParameter): Name = "Value"; Value = "10uF"; VariantName = "[No Variations]"
Add component (AddParameter): Name = "Value Rating"; Value = "uF"; VariantName = "[No Variations]"
Add component (AddParameter): Name = "Values"; Value = "10uF 50V"; VariantName = "[No Variations]"
Add component (AddParameter): Name = "Voltage"; Value = "50V"; VariantName = "[No Variations]"
Added Component: Designator=C4(CAPC 0402)
Add component (AddParameter): Name = "Category"; Value = "Capacitor Ceramic"; VariantName = "[No Variations]"
Add component (AddParameter): Name = "Favorites"; Value = "Favorite"; VariantName = "[No Variations]"
Add component (AddParameter): Name = "Package / Case"; Value = "0402"; VariantName = "[No Variations]"
Add component (AddParameter): Name = "Part Number"; Value = "CAPC0054"; VariantName = "[No Variations]"
Add component (AddParameter): Name = "Tolerance"; Value = "%10"; VariantName = "[No Variations]"
Add component (AddParameter): Name = "Value"; Value = "100nF"; VariantName = "[No Variations]"
Add component (AddParameter): Name = "Value Rating"; Value = "nF"; VariantName = "[No Variations]"
Add component (AddParameter): Name = "Values"; Value = "100nF 50V"; VariantName = "[No Variations]"
Add component (AddParameter): Name = "Voltage"; Value = "50V"; VariantName = "[No Variations]"
Added Component: Designator=C5(CAPC 0603)
Add component (AddParameter): Name = "Category"; Value = "Capacitor Ceramic"; VariantName = "[No Variations]"
Add component (AddParameter): Name = "Package / Case"; Value = "0603"; VariantName = "[No Variations]"
Add component (AddParameter): Name = "Part Number"; Value = "CAPC0301"; VariantName = "[No Variations]"
Add component (AddParameter): Name = "Tolerance"; Value = "%10"; VariantName = "[No Variations]"
Add component (AddParameter): Name = "Value"; Value = "10uF"; VariantName = "[No Variations]"
Add component (AddParameter): Name = "Value Rating"; Value = "uF"; VariantName = "[No Variations]"
Add component (AddParameter): Name = "Values"; Value = "10uF 50V"; VariantName = "[No Variations]"
Add component (AddParameter): Name = "Voltage"; Value = "50V"; VariantName = "[No Variations]"
Added Component: Designator=C6(CAPC 0402)
Add component (AddParameter): Name = "Category"; Value = "Capacitor Ceramic"; VariantName = "[No Variations]"
Add component (AddParameter): Name = "Favorites"; Value = "Favorite"; VariantName = "[No Variations]"
Add component (AddParameter): Name = "Package / Case"; Value = "0402"; VariantName = "[No Variations]"
Add component (AddParameter): Name = "Part Number"; Value = "CAPC0054"; VariantName = "[No Variations]"
Add component (AddParameter): Name = "Tolerance"; Value = "%10"; VariantName = "[No Variations]"
Add component (AddParameter): Name = "Value"; Value = "100nF"; VariantName = "[No Variations]"
Add component (AddParameter): Name = "Value Rating"; Value = "nF"; VariantName = "[No Variations]"
Add component (AddParameter): Name = "Values"; Value = "100nF 50V"; VariantName = "[No Variations]"
Add component (AddParameter): Name = "Voltage"; Value = "50V"; VariantName = "[No Variations]"
Added Component: Designator=C7(CAPC 0603)
Add component (AddParameter): Name = "Category"; Value = "Capacitor Ceramic"; VariantName = "[No Variations]"
Add component (AddParameter): Name = "Package / Case"; Value = "0603"; VariantName = "[No Variations]"
Add component (AddParameter): Name = "Part Number"; Value = "CAPC0301"; VariantName = "[No Variations]"
Add component (AddParameter): Name = "Tolerance"; Value = "%10"; VariantName = "[No Variations]"
Add component (AddParameter): Name = "Value"; Value = "10uF"; VariantName = "[No Variations]"
Add component (AddParameter): Name = "Value Rating"; Value = "uF"; VariantName = "[No Variations]"
Add component (AddParameter): Name = "Values"; Value = "10uF 50V"; VariantName = "[No Variations]"
Add component (AddParameter): Name = "Voltage"; Value = "50V"; VariantName = "[No Variations]"
Added Component: Designator=D1(SOD470X100-2N)
Add component (AddParameter): Name = "Manufacturer"; Value = "Nexperia USA"; VariantName = "[No Variations]"
Add component (AddParameter): Name = "Manufacturer Part Number"; Value = "PMEG3050BEP,115"; VariantName = "[No Variations]"
Add component (AddParameter): Name = "Pricing 1"; Value = "1=0.44, 10=0.373, 100=0.2786, 500=0.2189, 1000=0.1692 (USD)"; VariantName = "[No Variations]"
Add component (AddParameter): Name = "Stock 1"; Value = "62590"; VariantName = "[No Variations]"
Add component (AddParameter): Name = "Supplier 1"; Value = "Digi-Key"; VariantName = "[No Variations]"
Add component (AddParameter): Name = "Supplier Part Number 1"; Value = "1727-5207-1-ND"; VariantName = "[No Variations]"
Added Component: Designator=D2(DO-214AC, SMA)
Add component (AddParameter): Name = "Category"; Value = "Diode Schottky"; VariantName = "[No Variations]"
Add component (AddParameter): Name = "Current"; Value = "FILL!!!"; VariantName = "[No Variations]"
Add component (AddParameter): Name = "Diode Type"; Value = "Schottky"; VariantName = "[No Variations]"
Add component (AddParameter): Name = "Manufacturer Part Number"; Value = ""; VariantName = "[No Variations]"
Add component (AddParameter): Name = "Package / Case"; Value = "DO-214AC, SMA"; VariantName = "[No Variations]"
Add component (AddParameter): Name = "Part Number"; Value = "Diode0012"; VariantName = "[No Variations]"
Add component (AddParameter): Name = "Speed"; Value = "FILL!!!"; VariantName = "[No Variations]"
Add component (AddParameter): Name = "Values"; Value = "FILL!!!"; VariantName = "[No Variations]"
Add component (AddParameter): Name = "Voltage - DC Reverse (Vr)"; Value = "FILL!!!"; VariantName = "[No Variations]"
Add component (AddParameter): Name = "Voltage - Forward (Vf)"; Value = "FILL!!!"; VariantName = "[No Variations]"
Added Component: Designator=D3(SOD470X100-2N)
Add component (AddParameter): Name = "Manufacturer"; Value = "Nexperia USA"; VariantName = "[No Variations]"
Add component (AddParameter): Name = "Manufacturer Part Number"; Value = "PMEG3050BEP,115"; VariantName = "[No Variations]"
Add component (AddParameter): Name = "Pricing 1"; Value = "1=0.44, 10=0.373, 100=0.2786, 500=0.2189, 1000=0.1692 (USD)"; VariantName = "[No Variations]"
Add component (AddParameter): Name = "Stock 1"; Value = "62590"; VariantName = "[No Variations]"
Add component (AddParameter): Name = "Supplier 1"; Value = "Digi-Key"; VariantName = "[No Variations]"
Add component (AddParameter): Name = "Supplier Part Number 1"; Value = "1727-5207-1-ND"; VariantName = "[No Variations]"
Added Component: Designator=D4(DO-214AC, SMA)
Add component (AddParameter): Name = "Category"; Value = "Diode Schottky"; VariantName = "[No Variations]"
Add component (AddParameter): Name = "Current"; Value = "FILL!!!"; VariantName = "[No Variations]"
Add component (AddParameter): Name = "Diode Type"; Value = "Schottky"; VariantName = "[No Variations]"
Add component (AddParameter): Name = "Manufacturer Part Number"; Value = ""; VariantName = "[No Variations]"
Add component (AddParameter): Name = "Package / Case"; Value = "DO-214AC, SMA"; VariantName = "[No Variations]"
Add component (AddParameter): Name = "Part Number"; Value = "Diode0012"; VariantName = "[No Variations]"
Add component (AddParameter): Name = "Speed"; Value = "FILL!!!"; VariantName = "[No Variations]"
Add component (AddParameter): Name = "Values"; Value = "FILL!!!"; VariantName = "[No Variations]"
Add component (AddParameter): Name = "Voltage - DC Reverse (Vr)"; Value = "FILL!!!"; VariantName = "[No Variations]"
Add component (AddParameter): Name = "Voltage - Forward (Vf)"; Value = "FILL!!!"; VariantName = "[No Variations]"
Added Component: Designator=FB1(FCM1608KF-601T03)
Added Component: Designator=FB2(FCM1608KF-601T03)
Added Component: Designator=M1(mp)
Added Component: Designator=R1(RESC 0603)
Add component (AddParameter): Name = "Category"; Value = "Resistor"; VariantName = "[No Variations]"
Add component (AddParameter): Name = "Package / Case"; Value = "0603"; VariantName = "[No Variations]"
Add component (AddParameter): Name = "Part Number"; Value = "R0188"; VariantName = "[No Variations]"
Add component (AddParameter): Name = "Power"; Value = "1/10W"; VariantName = "[No Variations]"
Add component (AddParameter): Name = "Tolerance"; Value = "%5"; VariantName = "[No Variations]"
Add component (AddParameter): Name = "Value"; Value = "470R"; VariantName = "[No Variations]"
Add component (AddParameter): Name = "Values"; Value = "470R"; VariantName = "[No Variations]"
Added Component: Designator=R2(RESC 0603)
Add component (AddParameter): Name = "Category"; Value = "Resistor"; VariantName = "[No Variations]"
Add component (AddParameter): Name = "Package / Case"; Value = "0603"; VariantName = "[No Variations]"
Add component (AddParameter): Name = "Part Number"; Value = "R0188"; VariantName = "[No Variations]"
Add component (AddParameter): Name = "Power"; Value = "1/10W"; VariantName = "[No Variations]"
Add component (AddParameter): Name = "Tolerance"; Value = "%5"; VariantName = "[No Variations]"
Add component (AddParameter): Name = "Value"; Value = "470R"; VariantName = "[No Variations]"
Add component (AddParameter): Name = "Values"; Value = "470R"; VariantName = "[No Variations]"
Added Component: Designator=R3(RESC 0603)
Add component (AddParameter): Name = "Category"; Value = "Resistor"; VariantName = "[No Variations]"
Add component (AddParameter): Name = "Package / Case"; Value = "0603"; VariantName = "[No Variations]"
Add component (AddParameter): Name = "Part Number"; Value = "R0188"; VariantName = "[No Variations]"
Add component (AddParameter): Name = "Power"; Value = "1/10W"; VariantName = "[No Variations]"
Add component (AddParameter): Name = "Tolerance"; Value = "%5"; VariantName = "[No Variations]"
Add component (AddParameter): Name = "Value"; Value = "470R"; VariantName = "[No Variations]"
Add component (AddParameter): Name = "Values"; Value = "470R"; VariantName = "[No Variations]"
Added Component: Designator=U1(1117)
Added Component: Designator=U(QFP50P900X900X160-48N)
Add component (AddParameter): Name = "Availability"; Value = "Unavailable"; VariantName = "[No Variations]"
Add component (AddParameter): Name = "MF"; Value = "STMicroelectronics"; VariantName = "[No Variations]"
Add component (AddParameter): Name = "MP"; Value = "STM32F103C8T6"; VariantName = "[No Variations]"
Add component (AddParameter): Name = "Package"; Value = "LQFP-48 STMicroelectronics"; VariantName = "[No Variations]"
Add component (AddParameter): Name = "Price"; Value = "None"; VariantName = "[No Variations]"
Add component (AddParameter): Name = "SnapEDA_Link"; Value = "https://www.snapeda.com/parts/STM32F103C8T6/STMicroelectronics/view-part/52195/?ref=snap"; VariantName = "[No Variations]"
Add component (AddParameter): Name = "Value"; Value = ""; VariantName = "[No Variations]"
Added Pin To Net: NetName=+3.3 Pin=C5-2
Added Pin To Net: NetName=+3.3 Pin=C6-2
Added Pin To Net: NetName=+3.3 Pin=R3-2
Added Pin To Net: NetName=+3.3 Pin=U1-2
Added Pin To Net: NetName=+3.3 Pin=U1-4
Added Pin To Net: NetName=+3.3 Pin=U1-4
Added Net: Name=+3.3
Added Pin To Net: NetName=+5 Pin=C1-2
Added Pin To Net: NetName=+5 Pin=C2-2
Added Pin To Net: NetName=+5 Pin=C7-2
Added Pin To Net: NetName=+5 Pin=D4-1
Added Pin To Net: NetName=+5 Pin=FB2-1
Added Pin To Net: NetName=+5 Pin=M1-3
Added Pin To Net: NetName=+5 Pin=M1-4
Added Pin To Net: NetName=+5 Pin=R2-2
Added Net: Name=+5
Added Pin To Net: NetName=+9 Pin=C3-2
Added Pin To Net: NetName=+9 Pin=C4-2
Added Pin To Net: NetName=+9 Pin=D2-1
Added Pin To Net: NetName=+9 Pin=FB1-1
Added Pin To Net: NetName=+9 Pin=R1-1
Added Net: Name=+9
Added Pin To Net: NetName=GND Pin=C1-1
Added Pin To Net: NetName=GND Pin=C2-1
Added Pin To Net: NetName=GND Pin=C3-1
Added Pin To Net: NetName=GND Pin=C4-1
Added Pin To Net: NetName=GND Pin=C5-1
Added Pin To Net: NetName=GND Pin=C6-1
Added Pin To Net: NetName=GND Pin=C7-1
Added Pin To Net: NetName=GND Pin=D2-2
Added Pin To Net: NetName=GND Pin=D4-2
Added Pin To Net: NetName=GND Pin=M1-5
Added Pin To Net: NetName=GND Pin=M1-6
Added Pin To Net: NetName=GND Pin=M1-7
Added Pin To Net: NetName=GND Pin=M1-8
Added Pin To Net: NetName=GND Pin=U1-1
Added Net: Name=GND
Added Pin To Net: NetName=NetD1_1 Pin=D1-1
Added Pin To Net: NetName=NetD1_1 Pin=M1-1
Added Pin To Net: NetName=NetD1_1 Pin=M1-2
Added Net: Name=NetD1_1
Added Pin To Net: NetName=NetD1_2 Pin=D1-2
Added Pin To Net: NetName=NetD1_2 Pin=FB1-2
Added Net: Name=NetD1_2
Added Pin To Net: NetName=NetD3_1 Pin=D3-1
Added Pin To Net: NetName=NetD3_1 Pin=U1-3
Added Net: Name=NetD3_1
Added Pin To Net: NetName=NetD3_2 Pin=D3-2
Added Pin To Net: NetName=NetD3_2 Pin=FB2-2
Added Net: Name=NetD3_2
Added Pin To Net: NetName=NetLED1_2 Pin=R1-2
Added Net: Name=NetLED1_2
Added Pin To Net: NetName=NetLED2_2 Pin=R2-1
Added Net: Name=NetLED2_2
Added Pin To Net: NetName=NetLED3_2 Pin=R3-1
Added Net: Name=NetLED3_2
Added Class: Name=RcTransmitter
Added Room: Name=RcTransmitter
