Replace Part BT1 Battery Holder in D:\aesk-iha-software-2022\Uav_Telemetry_System\Deneme123321\RC_Transmitter\RcTransmitterPower.SchDoc with Battery Holder from RcTransmitterSchlib1.SchLib
Replace Part C1 NPCapacitor in D:\aesk-iha-software-2022\Uav_Telemetry_System\Deneme123321\RC_Transmitter\RcTransmitterPower.SchDoc with NPCapacitor from AESK Database Library.DbLib
Replace Part C2 NPCapacitor in D:\aesk-iha-software-2022\Uav_Telemetry_System\Deneme123321\RC_Transmitter\RcTransmitterPower.SchDoc with NPCapacitor from AESK Database Library.DbLib
Replace Part C3 NPCapacitor in D:\aesk-iha-software-2022\Uav_Telemetry_System\Deneme123321\RC_Transmitter\RcTransmitterPower.SchDoc with NPCapacitor from AESK Database Library.DbLib
Replace Part C4 NPCapacitor in D:\aesk-iha-software-2022\Uav_Telemetry_System\Deneme123321\RC_Transmitter\RcTransmitterPower.SchDoc with NPCapacitor from AESK Database Library.DbLib
Replace Part C5 NPCapacitor in D:\aesk-iha-software-2022\Uav_Telemetry_System\Deneme123321\RC_Transmitter\RcTransmitterPower.SchDoc with NPCapacitor from AESK Database Library.DbLib
Replace Part C6 NPCapacitor in D:\aesk-iha-software-2022\Uav_Telemetry_System\Deneme123321\RC_Transmitter\RcTransmitterPower.SchDoc with NPCapacitor from AESK Database Library.DbLib
Replace Part C7 NPCapacitor in D:\aesk-iha-software-2022\Uav_Telemetry_System\Deneme123321\RC_Transmitter\RcTransmitterPower.SchDoc with NPCapacitor from AESK Database Library.DbLib
Replace Part D1 Schotky Diode in D:\aesk-iha-software-2022\Uav_Telemetry_System\Deneme123321\RC_Transmitter\RcTransmitterPower.SchDoc with Schotky Diode from RcTransmitterSchlib1.SchLib
Replace Part D2 Schottky Diode in D:\aesk-iha-software-2022\Uav_Telemetry_System\Deneme123321\RC_Transmitter\RcTransmitterPower.SchDoc with Schottky Diode from AESK Database Library.DbLib
Replace Part D3 Schotky Diode in D:\aesk-iha-software-2022\Uav_Telemetry_System\Deneme123321\RC_Transmitter\RcTransmitterPower.SchDoc with Schotky Diode from RcTransmitterSchlib1.SchLib
Replace Part D4 Schottky Diode in D:\aesk-iha-software-2022\Uav_Telemetry_System\Deneme123321\RC_Transmitter\RcTransmitterPower.SchDoc with Schottky Diode from AESK Database Library.DbLib
Replace Part FB1 FCM1608KF-601T03 in D:\aesk-iha-software-2022\Uav_Telemetry_System\Deneme123321\RC_Transmitter\RcTransmitterPower.SchDoc with FCM1608KF-601T03 from RcTransmitterSchlib1.SchLib
Replace Part FB2 FCM1608KF-601T03 in D:\aesk-iha-software-2022\Uav_Telemetry_System\Deneme123321\RC_Transmitter\RcTransmitterPower.SchDoc with FCM1608KF-601T03 from RcTransmitterSchlib1.SchLib
Replace Part LED1 LED Blue 0603 in D:\aesk-iha-software-2022\Uav_Telemetry_System\Deneme123321\RC_Transmitter\RcTransmitterPower.SchDoc with LED Blue 0603 from RcTransmitterSchlib1.SchLib
Replace Part LED2 LED Blue 0603 in D:\aesk-iha-software-2022\Uav_Telemetry_System\Deneme123321\RC_Transmitter\RcTransmitterPower.SchDoc with LED Blue 0603 from RcTransmitterSchlib1.SchLib
Replace Part LED3 LED Blue 0603 in D:\aesk-iha-software-2022\Uav_Telemetry_System\Deneme123321\RC_Transmitter\RcTransmitterPower.SchDoc with LED Blue 0603 from RcTransmitterSchlib1.SchLib
Replace Part M1 MP1584EN in D:\aesk-iha-software-2022\Uav_Telemetry_System\Deneme123321\RC_Transmitter\RcTransmitterPower.SchDoc with MP1584EN from RcTransmitterSchlib1.SchLib
Replace Part R1 Resistor in D:\aesk-iha-software-2022\Uav_Telemetry_System\Deneme123321\RC_Transmitter\RcTransmitterPower.SchDoc with Resistor from AESK Database Library.DbLib
Replace Part R2 Resistor in D:\aesk-iha-software-2022\Uav_Telemetry_System\Deneme123321\RC_Transmitter\RcTransmitterPower.SchDoc with Resistor from AESK Database Library.DbLib
Replace Part R3 Resistor in D:\aesk-iha-software-2022\Uav_Telemetry_System\Deneme123321\RC_Transmitter\RcTransmitterPower.SchDoc with Resistor from AESK Database Library.DbLib
Replace Part U1 ZLDO1117G50TA in D:\aesk-iha-software-2022\Uav_Telemetry_System\Deneme123321\RC_Transmitter\RcTransmitterPower.SchDoc with ZLDO1117G50TA from RcTransmitterSchlib1.SchLib
