Replace Part BOOT1 1x3 PIN in D:\aesk-iha-software-2022\Uav_Telemetry_System\Deneme123321\RC_Transmitter\RcTransmitterMC.SchDoc with 1x3 PIN from AESK Database Library.DbLib
Replace Part BOOT2 1x3 PIN in D:\aesk-iha-software-2022\Uav_Telemetry_System\Deneme123321\RC_Transmitter\RcTransmitterMC.SchDoc with 1x3 PIN from AESK Database Library.DbLib
Replace Part BU1 Push Button in D:\aesk-iha-software-2022\Uav_Telemetry_System\Deneme123321\RC_Transmitter\RcTransmitterMC.SchDoc with Push Button from RcTransmitterSchlib1.SchLib
Replace Part C8 NPCapacitor in D:\aesk-iha-software-2022\Uav_Telemetry_System\Deneme123321\RC_Transmitter\RcTransmitterMC.SchDoc with NPCapacitor from AESK Database Library.DbLib
Replace Part C9 NPCapacitor in D:\aesk-iha-software-2022\Uav_Telemetry_System\Deneme123321\RC_Transmitter\RcTransmitterMC.SchDoc with NPCapacitor from AESK Database Library.DbLib
Replace Part C10 NPCapacitor in D:\aesk-iha-software-2022\Uav_Telemetry_System\Deneme123321\RC_Transmitter\RcTransmitterMC.SchDoc with NPCapacitor from AESK Database Library.DbLib
Replace Part C11 NPCapacitor in D:\aesk-iha-software-2022\Uav_Telemetry_System\Deneme123321\RC_Transmitter\RcTransmitterMC.SchDoc with NPCapacitor from AESK Database Library.DbLib
Replace Part C12 NPCapacitor in D:\aesk-iha-software-2022\Uav_Telemetry_System\Deneme123321\RC_Transmitter\RcTransmitterMC.SchDoc with NPCapacitor from AESK Database Library.DbLib
Replace Part C13 NPCapacitor in D:\aesk-iha-software-2022\Uav_Telemetry_System\Deneme123321\RC_Transmitter\RcTransmitterMC.SchDoc with NPCapacitor from AESK Database Library.DbLib
Replace Part C14 NPCapacitor in D:\aesk-iha-software-2022\Uav_Telemetry_System\Deneme123321\RC_Transmitter\RcTransmitterMC.SchDoc with NPCapacitor from AESK Database Library.DbLib
Replace Part C15 NPCapacitor in D:\aesk-iha-software-2022\Uav_Telemetry_System\Deneme123321\RC_Transmitter\RcTransmitterMC.SchDoc with NPCapacitor from AESK Database Library.DbLib
Replace Part C16 NPCapacitor in D:\aesk-iha-software-2022\Uav_Telemetry_System\Deneme123321\RC_Transmitter\RcTransmitterMC.SchDoc with NPCapacitor from AESK Database Library.DbLib
Replace Part C17 NPCapacitor in D:\aesk-iha-software-2022\Uav_Telemetry_System\Deneme123321\RC_Transmitter\RcTransmitterMC.SchDoc with NPCapacitor from AESK Database Library.DbLib
Replace Part C18 NPCapacitor in D:\aesk-iha-software-2022\Uav_Telemetry_System\Deneme123321\RC_Transmitter\RcTransmitterMC.SchDoc with NPCapacitor from AESK Database Library.DbLib
Replace Part C19 NPCapacitor in D:\aesk-iha-software-2022\Uav_Telemetry_System\Deneme123321\RC_Transmitter\RcTransmitterMC.SchDoc with NPCapacitor from AESK Database Library.DbLib
Replace Part C20 NPCapacitor in D:\aesk-iha-software-2022\Uav_Telemetry_System\Deneme123321\RC_Transmitter\RcTransmitterMC.SchDoc with NPCapacitor from AESK Database Library.DbLib
Replace Part C21 NPCapacitor in D:\aesk-iha-software-2022\Uav_Telemetry_System\Deneme123321\RC_Transmitter\RcTransmitterMC.SchDoc with NPCapacitor from AESK Database Library.DbLib
Replace Part P1 Header 5 in D:\aesk-iha-software-2022\Uav_Telemetry_System\Deneme123321\RC_Transmitter\RcTransmitterMC.SchDoc with Header 5 from Miscellaneous Connectors.IntLib
Replace Part R4 Resistor in D:\aesk-iha-software-2022\Uav_Telemetry_System\Deneme123321\RC_Transmitter\RcTransmitterMC.SchDoc with Resistor from AESK Database Library.DbLib
Replace Part R5 Resistor in D:\aesk-iha-software-2022\Uav_Telemetry_System\Deneme123321\RC_Transmitter\RcTransmitterMC.SchDoc with Resistor from AESK Database Library.DbLib
Replace Part R6 Resistor in D:\aesk-iha-software-2022\Uav_Telemetry_System\Deneme123321\RC_Transmitter\RcTransmitterMC.SchDoc with Resistor from AESK Database Library.DbLib
Replace Part R7 Resistor in D:\aesk-iha-software-2022\Uav_Telemetry_System\Deneme123321\RC_Transmitter\RcTransmitterMC.SchDoc with Resistor from AESK Database Library.DbLib
Replace Part R8 Resistor in D:\aesk-iha-software-2022\Uav_Telemetry_System\Deneme123321\RC_Transmitter\RcTransmitterMC.SchDoc with Resistor from AESK Database Library.DbLib
Replace Part U NRF24L01P-MODULE-PCB in D:\aesk-iha-software-2022\Uav_Telemetry_System\Deneme123321\RC_Transmitter\RcTransmitterMC.SchDoc with NRF24L01P-MODULE-PCB from RcTransmitterSchlib1.SchLib
Replace Part U2 STM32F103C8T6 in D:\aesk-iha-software-2022\Uav_Telemetry_System\Deneme123321\RC_Transmitter\RcTransmitterMC.SchDoc with STM32F103C8T6 from RcTransmitterSchlib1.SchLib
Replace Part U5 SSD1106 OLED in D:\aesk-iha-software-2022\Uav_Telemetry_System\Deneme123321\RC_Transmitter\RcTransmitterMC.SchDoc with SSD1106 OLED from RcTransmitterSchlib1.SchLib
Replace Part Y1 NX3215SA-32.768KHZ-EXS00A-MU00525 in D:\aesk-iha-software-2022\Uav_Telemetry_System\Deneme123321\RC_Transmitter\RcTransmitterMC.SchDoc with NX3215SA-32.768KHZ-EXS00A-MU00525 from RcTransmitterSchlib1.SchLib
Replace Part Y2 XTAL_HC49P488W43L1085T450H368 in D:\aesk-iha-software-2022\Uav_Telemetry_System\Deneme123321\RC_Transmitter\RcTransmitterMC.SchDoc with XTAL_HC49P488W43L1085T450H368 from RcTransmitterSchlib1.SchLib
