Added Component: Designator=C1(CAPC 0805)
Add component (AddParameter): Name = "Category"; Value = "Capacitor Ceramic"; VariantName = "[No Variations]"
Add component (AddParameter): Name = "Favorites"; Value = "Favorite"; VariantName = "[No Variations]"
Add component (AddParameter): Name = "Package / Case"; Value = "0805"; VariantName = "[No Variations]"
Add component (AddParameter): Name = "Part Number"; Value = "CAPC0572"; VariantName = "[No Variations]"
Add component (AddParameter): Name = "Tolerance"; Value = "%10"; VariantName = "[No Variations]"
Add component (AddParameter): Name = "Value"; Value = "100nF"; VariantName = "[No Variations]"
Add component (AddParameter): Name = "Value Rating"; Value = "nF"; VariantName = "[No Variations]"
Add component (AddParameter): Name = "Values"; Value = "100nF 50V"; VariantName = "[No Variations]"
Add component (AddParameter): Name = "Voltage"; Value = "50V"; VariantName = "[No Variations]"
Added Component: Designator=C2(CAPC 0805)
Add component (AddParameter): Name = "Category"; Value = "Capacitor Ceramic"; VariantName = "[No Variations]"
Add component (AddParameter): Name = "Favorites"; Value = "Favorite"; VariantName = "[No Variations]"
Add component (AddParameter): Name = "Package / Case"; Value = "0805"; VariantName = "[No Variations]"
Add component (AddParameter): Name = "Part Number"; Value = "CAPC0572"; VariantName = "[No Variations]"
Add component (AddParameter): Name = "Tolerance"; Value = "%10"; VariantName = "[No Variations]"
Add component (AddParameter): Name = "Value"; Value = "100nF"; VariantName = "[No Variations]"
Add component (AddParameter): Name = "Value Rating"; Value = "nF"; VariantName = "[No Variations]"
Add component (AddParameter): Name = "Values"; Value = "100nF 50V"; VariantName = "[No Variations]"
Add component (AddParameter): Name = "Voltage"; Value = "50V"; VariantName = "[No Variations]"
Added Component: Designator=C3(CAPC 0805)
Add component (AddParameter): Name = "Category"; Value = "Capacitor Ceramic"; VariantName = "[No Variations]"
Add component (AddParameter): Name = "Favorites"; Value = "Favorite"; VariantName = "[No Variations]"
Add component (AddParameter): Name = "Package / Case"; Value = "0805"; VariantName = "[No Variations]"
Add component (AddParameter): Name = "Part Number"; Value = "CAPC0572"; VariantName = "[No Variations]"
Add component (AddParameter): Name = "Tolerance"; Value = "%10"; VariantName = "[No Variations]"
Add component (AddParameter): Name = "Value"; Value = "100nF"; VariantName = "[No Variations]"
Add component (AddParameter): Name = "Value Rating"; Value = "nF"; VariantName = "[No Variations]"
Add component (AddParameter): Name = "Values"; Value = "100nF 50V"; VariantName = "[No Variations]"
Add component (AddParameter): Name = "Voltage"; Value = "50V"; VariantName = "[No Variations]"
Added Component: Designator=C4(CAPC 0805)
Add component (AddParameter): Name = "Category"; Value = "Capacitor Ceramic"; VariantName = "[No Variations]"
Add component (AddParameter): Name = "Favorites"; Value = ""; VariantName = "[No Variations]"
Add component (AddParameter): Name = "Manufacturer"; Value = ""; VariantName = "[No Variations]"
Add component (AddParameter): Name = "Manufacturer Part Number"; Value = ""; VariantName = "[No Variations]"
Add component (AddParameter): Name = "Package / Case"; Value = "0805"; VariantName = "[No Variations]"
Add component (AddParameter): Name = "Part Number"; Value = "CAPC0588"; VariantName = "[No Variations]"
Add component (AddParameter): Name = "Supplier"; Value = ""; VariantName = "[No Variations]"
Add component (AddParameter): Name = "Tolerance"; Value = ""; VariantName = "[No Variations]"
Add component (AddParameter): Name = "URL"; Value = ""; VariantName = "[No Variations]"
Add component (AddParameter): Name = "Value"; Value = "10uF"; VariantName = "[No Variations]"
Add component (AddParameter): Name = "Value Rating"; Value = "uF"; VariantName = "[No Variations]"
Add component (AddParameter): Name = "Values"; Value = "10uF 50V"; VariantName = "[No Variations]"
Add component (AddParameter): Name = "Voltage"; Value = "50V"; VariantName = "[No Variations]"
Added Component: Designator=C5(CAPC 0805)
Add component (AddParameter): Name = "Category"; Value = "Capacitor Ceramic"; VariantName = "[No Variations]"
Add component (AddParameter): Name = "Favorites"; Value = "Favorite"; VariantName = "[No Variations]"
Add component (AddParameter): Name = "Manufacturer"; Value = ""; VariantName = "[No Variations]"
Add component (AddParameter): Name = "Manufacturer Part Number"; Value = ""; VariantName = "[No Variations]"
Add component (AddParameter): Name = "Package / Case"; Value = "0805"; VariantName = "[No Variations]"
Add component (AddParameter): Name = "Part Number"; Value = "CAPC0572"; VariantName = "[No Variations]"
Add component (AddParameter): Name = "Supplier"; Value = ""; VariantName = "[No Variations]"
Add component (AddParameter): Name = "Tolerance"; Value = ""; VariantName = "[No Variations]"
Add component (AddParameter): Name = "URL"; Value = ""; VariantName = "[No Variations]"
Add component (AddParameter): Name = "Value"; Value = "100nF"; VariantName = "[No Variations]"
Add component (AddParameter): Name = "Value Rating"; Value = "nF"; VariantName = "[No Variations]"
Add component (AddParameter): Name = "Values"; Value = "100nF 50V"; VariantName = "[No Variations]"
Add component (AddParameter): Name = "Voltage"; Value = "50V"; VariantName = "[No Variations]"
Added Component: Designator=C6(CAPC 0805)
Add component (AddParameter): Name = "Category"; Value = "Capacitor Ceramic"; VariantName = "[No Variations]"
Add component (AddParameter): Name = "Favorites"; Value = ""; VariantName = "[No Variations]"
Add component (AddParameter): Name = "Manufacturer"; Value = ""; VariantName = "[No Variations]"
Add component (AddParameter): Name = "Manufacturer Part Number"; Value = ""; VariantName = "[No Variations]"
Add component (AddParameter): Name = "Package / Case"; Value = "0805"; VariantName = "[No Variations]"
Add component (AddParameter): Name = "Part Number"; Value = "CAPC0588"; VariantName = "[No Variations]"
Add component (AddParameter): Name = "Supplier"; Value = ""; VariantName = "[No Variations]"
Add component (AddParameter): Name = "Tolerance"; Value = ""; VariantName = "[No Variations]"
Add component (AddParameter): Name = "URL"; Value = ""; VariantName = "[No Variations]"
Add component (AddParameter): Name = "Value"; Value = "10uF"; VariantName = "[No Variations]"
Add component (AddParameter): Name = "Value Rating"; Value = "uF"; VariantName = "[No Variations]"
Add component (AddParameter): Name = "Values"; Value = "10uF 50V"; VariantName = "[No Variations]"
Add component (AddParameter): Name = "Voltage"; Value = "50V"; VariantName = "[No Variations]"
Added Component: Designator=C7(CAPC 0805)
Add component (AddParameter): Name = "Category"; Value = "Capacitor Ceramic"; VariantName = "[No Variations]"
Add component (AddParameter): Name = "Favorites"; Value = "Favorite"; VariantName = "[No Variations]"
Add component (AddParameter): Name = "Manufacturer"; Value = ""; VariantName = "[No Variations]"
Add component (AddParameter): Name = "Manufacturer Part Number"; Value = ""; VariantName = "[No Variations]"
Add component (AddParameter): Name = "Package / Case"; Value = "0805"; VariantName = "[No Variations]"
Add component (AddParameter): Name = "Part Number"; Value = "CAPC0572"; VariantName = "[No Variations]"
Add component (AddParameter): Name = "Supplier"; Value = ""; VariantName = "[No Variations]"
Add component (AddParameter): Name = "Tolerance"; Value = ""; VariantName = "[No Variations]"
Add component (AddParameter): Name = "URL"; Value = ""; VariantName = "[No Variations]"
Add component (AddParameter): Name = "Value"; Value = "100nF"; VariantName = "[No Variations]"
Add component (AddParameter): Name = "Value Rating"; Value = "nF"; VariantName = "[No Variations]"
Add component (AddParameter): Name = "Values"; Value = "100nF 50V"; VariantName = "[No Variations]"
Add component (AddParameter): Name = "Voltage"; Value = "50V"; VariantName = "[No Variations]"
Added Component: Designator=C8(CAPC 0805)
Add component (AddParameter): Name = "Category"; Value = "Capacitor Ceramic"; VariantName = "[No Variations]"
Add component (AddParameter): Name = "Package / Case"; Value = "0805"; VariantName = "[No Variations]"
Add component (AddParameter): Name = "Part Number"; Value = "CAPC0588"; VariantName = "[No Variations]"
Add component (AddParameter): Name = "Tolerance"; Value = "%10"; VariantName = "[No Variations]"
Add component (AddParameter): Name = "Value"; Value = "10uF"; VariantName = "[No Variations]"
Add component (AddParameter): Name = "Value Rating"; Value = "uF"; VariantName = "[No Variations]"
Add component (AddParameter): Name = "Values"; Value = "10uF 50V"; VariantName = "[No Variations]"
Add component (AddParameter): Name = "Voltage"; Value = "50V"; VariantName = "[No Variations]"
Added Component: Designator=C9(CAPC 0805)
Add component (AddParameter): Name = "Category"; Value = "Capacitor Ceramic"; VariantName = "[No Variations]"
Add component (AddParameter): Name = "Favorites"; Value = "Favorite"; VariantName = "[No Variations]"
Add component (AddParameter): Name = "Package / Case"; Value = "0805"; VariantName = "[No Variations]"
Add component (AddParameter): Name = "Part Number"; Value = "CAPC0572"; VariantName = "[No Variations]"
Add component (AddParameter): Name = "Tolerance"; Value = "%10"; VariantName = "[No Variations]"
Add component (AddParameter): Name = "Value"; Value = "100nF"; VariantName = "[No Variations]"
Add component (AddParameter): Name = "Value Rating"; Value = "nF"; VariantName = "[No Variations]"
Add component (AddParameter): Name = "Values"; Value = "100nF 50V"; VariantName = "[No Variations]"
Add component (AddParameter): Name = "Voltage"; Value = "50V"; VariantName = "[No Variations]"
Added Component: Designator=C10(CAPC 0805)
Add component (AddParameter): Name = "Category"; Value = "Capacitor Ceramic"; VariantName = "[No Variations]"
Add component (AddParameter): Name = "Favorites"; Value = "Favorite"; VariantName = "[No Variations]"
Add component (AddParameter): Name = "Package / Case"; Value = "0805"; VariantName = "[No Variations]"
Add component (AddParameter): Name = "Part Number"; Value = "CAPC0572"; VariantName = "[No Variations]"
Add component (AddParameter): Name = "Tolerance"; Value = "%10"; VariantName = "[No Variations]"
Add component (AddParameter): Name = "Value"; Value = "100nF"; VariantName = "[No Variations]"
Add component (AddParameter): Name = "Value Rating"; Value = "nF"; VariantName = "[No Variations]"
Add component (AddParameter): Name = "Values"; Value = "100nF 50V"; VariantName = "[No Variations]"
Add component (AddParameter): Name = "Voltage"; Value = "50V"; VariantName = "[No Variations]"
Added Component: Designator=C11(CAPC 0805)
Add component (AddParameter): Name = "Category"; Value = "Capacitor Ceramic"; VariantName = "[No Variations]"
Add component (AddParameter): Name = "Favorites"; Value = "Favorite"; VariantName = "[No Variations]"
Add component (AddParameter): Name = "Package / Case"; Value = "0805"; VariantName = "[No Variations]"
Add component (AddParameter): Name = "Part Number"; Value = "CAPC0572"; VariantName = "[No Variations]"
Add component (AddParameter): Name = "Tolerance"; Value = "%10"; VariantName = "[No Variations]"
Add component (AddParameter): Name = "Value"; Value = "100nF"; VariantName = "[No Variations]"
Add component (AddParameter): Name = "Value Rating"; Value = "nF"; VariantName = "[No Variations]"
Add component (AddParameter): Name = "Values"; Value = "100nF 50V"; VariantName = "[No Variations]"
Add component (AddParameter): Name = "Voltage"; Value = "50V"; VariantName = "[No Variations]"
Added Component: Designator=C12(CAPC 0805)
Add component (AddParameter): Name = "Category"; Value = "Capacitor Ceramic"; VariantName = "[No Variations]"
Add component (AddParameter): Name = "Favorites"; Value = ""; VariantName = "[No Variations]"
Add component (AddParameter): Name = "Manufacturer"; Value = ""; VariantName = "[No Variations]"
Add component (AddParameter): Name = "Manufacturer Part Number"; Value = ""; VariantName = "[No Variations]"
Add component (AddParameter): Name = "Package / Case"; Value = "0805"; VariantName = "[No Variations]"
Add component (AddParameter): Name = "Part Number"; Value = "CAPC0588"; VariantName = "[No Variations]"
Add component (AddParameter): Name = "Supplier"; Value = ""; VariantName = "[No Variations]"
Add component (AddParameter): Name = "Tolerance"; Value = ""; VariantName = "[No Variations]"
Add component (AddParameter): Name = "URL"; Value = ""; VariantName = "[No Variations]"
Add component (AddParameter): Name = "Value"; Value = "10uF"; VariantName = "[No Variations]"
Add component (AddParameter): Name = "Value Rating"; Value = "uF"; VariantName = "[No Variations]"
Add component (AddParameter): Name = "Values"; Value = "10uF 50V"; VariantName = "[No Variations]"
Add component (AddParameter): Name = "Voltage"; Value = "50V"; VariantName = "[No Variations]"
Added Component: Designator=C13(CAPC 0805)
Add component (AddParameter): Name = "Category"; Value = "Capacitor Ceramic"; VariantName = "[No Variations]"
Add component (AddParameter): Name = "Favorites"; Value = ""; VariantName = "[No Variations]"
Add component (AddParameter): Name = "Manufacturer"; Value = ""; VariantName = "[No Variations]"
Add component (AddParameter): Name = "Manufacturer Part Number"; Value = ""; VariantName = "[No Variations]"
Add component (AddParameter): Name = "Package / Case"; Value = "0805"; VariantName = "[No Variations]"
Add component (AddParameter): Name = "Part Number"; Value = "CAPC0588"; VariantName = "[No Variations]"
Add component (AddParameter): Name = "Supplier"; Value = ""; VariantName = "[No Variations]"
Add component (AddParameter): Name = "Tolerance"; Value = ""; VariantName = "[No Variations]"
Add component (AddParameter): Name = "URL"; Value = ""; VariantName = "[No Variations]"
Add component (AddParameter): Name = "Value"; Value = "10uF"; VariantName = "[No Variations]"
Add component (AddParameter): Name = "Value Rating"; Value = "uF"; VariantName = "[No Variations]"
Add component (AddParameter): Name = "Values"; Value = "10uF 50V"; VariantName = "[No Variations]"
Add component (AddParameter): Name = "Voltage"; Value = "50V"; VariantName = "[No Variations]"
Added Component: Designator=C14(CAPC 0805)
Add component (AddParameter): Name = "Category"; Value = "Capacitor Ceramic"; VariantName = "[No Variations]"
Add component (AddParameter): Name = "Favorites"; Value = ""; VariantName = "[No Variations]"
Add component (AddParameter): Name = "Manufacturer"; Value = ""; VariantName = "[No Variations]"
Add component (AddParameter): Name = "Manufacturer Part Number"; Value = ""; VariantName = "[No Variations]"
Add component (AddParameter): Name = "Package / Case"; Value = "0805"; VariantName = "[No Variations]"
Add component (AddParameter): Name = "Part Number"; Value = "CAPC0588"; VariantName = "[No Variations]"
Add component (AddParameter): Name = "Supplier"; Value = ""; VariantName = "[No Variations]"
Add component (AddParameter): Name = "Tolerance"; Value = ""; VariantName = "[No Variations]"
Add component (AddParameter): Name = "URL"; Value = ""; VariantName = "[No Variations]"
Add component (AddParameter): Name = "Value"; Value = "10uF"; VariantName = "[No Variations]"
Add component (AddParameter): Name = "Value Rating"; Value = "uF"; VariantName = "[No Variations]"
Add component (AddParameter): Name = "Values"; Value = "10uF 50V"; VariantName = "[No Variations]"
Add component (AddParameter): Name = "Voltage"; Value = "50V"; VariantName = "[No Variations]"
Added Component: Designator=C15(CAPC 0805)
Add component (AddParameter): Name = "Category"; Value = "Capacitor Ceramic"; VariantName = "[No Variations]"
Add component (AddParameter): Name = "Favorites"; Value = ""; VariantName = "[No Variations]"
Add component (AddParameter): Name = "Manufacturer"; Value = ""; VariantName = "[No Variations]"
Add component (AddParameter): Name = "Manufacturer Part Number"; Value = ""; VariantName = "[No Variations]"
Add component (AddParameter): Name = "Package / Case"; Value = "0805"; VariantName = "[No Variations]"
Add component (AddParameter): Name = "Part Number"; Value = "CAPC0588"; VariantName = "[No Variations]"
Add component (AddParameter): Name = "Supplier"; Value = ""; VariantName = "[No Variations]"
Add component (AddParameter): Name = "Tolerance"; Value = ""; VariantName = "[No Variations]"
Add component (AddParameter): Name = "URL"; Value = ""; VariantName = "[No Variations]"
Add component (AddParameter): Name = "Value"; Value = "10uF"; VariantName = "[No Variations]"
Add component (AddParameter): Name = "Value Rating"; Value = "uF"; VariantName = "[No Variations]"
Add component (AddParameter): Name = "Values"; Value = "10uF 50V"; VariantName = "[No Variations]"
Add component (AddParameter): Name = "Voltage"; Value = "50V"; VariantName = "[No Variations]"
Added Component: Designator=C16(CAPC 0805)
Add component (AddParameter): Name = "Category"; Value = "Capacitor Ceramic"; VariantName = "[No Variations]"
Add component (AddParameter): Name = "Favorites"; Value = "Favorite"; VariantName = "[No Variations]"
Add component (AddParameter): Name = "Manufacturer"; Value = ""; VariantName = "[No Variations]"
Add component (AddParameter): Name = "Manufacturer Part Number"; Value = ""; VariantName = "[No Variations]"
Add component (AddParameter): Name = "Package / Case"; Value = "0805"; VariantName = "[No Variations]"
Add component (AddParameter): Name = "Part Number"; Value = "CAPC0572"; VariantName = "[No Variations]"
Add component (AddParameter): Name = "Supplier"; Value = ""; VariantName = "[No Variations]"
Add component (AddParameter): Name = "Tolerance"; Value = ""; VariantName = "[No Variations]"
Add component (AddParameter): Name = "URL"; Value = ""; VariantName = "[No Variations]"
Add component (AddParameter): Name = "Value"; Value = "100nF"; VariantName = "[No Variations]"
Add component (AddParameter): Name = "Value Rating"; Value = "nF"; VariantName = "[No Variations]"
Add component (AddParameter): Name = "Values"; Value = "100nF 50V"; VariantName = "[No Variations]"
Add component (AddParameter): Name = "Voltage"; Value = "50V"; VariantName = "[No Variations]"
Added Component: Designator=C17(CAPC 0805)
Add component (AddParameter): Name = "Category"; Value = "Capacitor Ceramic"; VariantName = "[No Variations]"
Add component (AddParameter): Name = "Package / Case"; Value = "0805"; VariantName = "[No Variations]"
Add component (AddParameter): Name = "Part Number"; Value = "CAPC0588"; VariantName = "[No Variations]"
Add component (AddParameter): Name = "Tolerance"; Value = "%10"; VariantName = "[No Variations]"
Add component (AddParameter): Name = "Value"; Value = "10uF"; VariantName = "[No Variations]"
Add component (AddParameter): Name = "Value Rating"; Value = "uF"; VariantName = "[No Variations]"
Add component (AddParameter): Name = "Values"; Value = "10uF 50V"; VariantName = "[No Variations]"
Add component (AddParameter): Name = "Voltage"; Value = "50V"; VariantName = "[No Variations]"
Added Component: Designator=C18(CAPC 0805)
Add component (AddParameter): Name = "Category"; Value = "Capacitor Ceramic"; VariantName = "[No Variations]"
Add component (AddParameter): Name = "Favorites"; Value = "Favorite"; VariantName = "[No Variations]"
Add component (AddParameter): Name = "Manufacturer"; Value = ""; VariantName = "[No Variations]"
Add component (AddParameter): Name = "Manufacturer Part Number"; Value = ""; VariantName = "[No Variations]"
Add component (AddParameter): Name = "Package / Case"; Value = "0805"; VariantName = "[No Variations]"
Add component (AddParameter): Name = "Part Number"; Value = "CAPC0572"; VariantName = "[No Variations]"
Add component (AddParameter): Name = "Supplier"; Value = ""; VariantName = "[No Variations]"
Add component (AddParameter): Name = "Tolerance"; Value = ""; VariantName = "[No Variations]"
Add component (AddParameter): Name = "URL"; Value = ""; VariantName = "[No Variations]"
Add component (AddParameter): Name = "Value"; Value = "100nF"; VariantName = "[No Variations]"
Add component (AddParameter): Name = "Value Rating"; Value = "nF"; VariantName = "[No Variations]"
Add component (AddParameter): Name = "Values"; Value = "100nF 50V"; VariantName = "[No Variations]"
Add component (AddParameter): Name = "Voltage"; Value = "50V"; VariantName = "[No Variations]"
Added Component: Designator=G1(SOIC127P1150X360-6N)
Added Component: Designator=G2(SOIC127P1150X360-6N)
Added Component: Designator=G3(SOIC127P1150X360-6N)
Added Component: Designator=G4(SOIC127P1150X360-6N)
Added Component: Designator=G5(SOIC127P1150X360-6N)
Added Component: Designator=G6(SOIC127P1150X360-6N)
Added Component: Designator=LED1(LED RED 0805)
Added Component: Designator=M1(mp)
Added Component: Designator=PS(CONV_ROE-0512S)
Add component (AddParameter): Name = "Availability"; Value = "Unavailable"; VariantName = "[No Variations]"
Add component (AddParameter): Name = "MF"; Value = "Recom Power"; VariantName = "[No Variations]"
Add component (AddParameter): Name = "MP"; Value = "ROE-0512S"; VariantName = "[No Variations]"
Add component (AddParameter): Name = "Package"; Value = "SIP-4 Recom Power"; VariantName = "[No Variations]"
Add component (AddParameter): Name = "Price"; Value = "None"; VariantName = "[No Variations]"
Add component (AddParameter): Name = "SnapEDA_Link"; Value = "https://www.snapeda.com/parts/ROE-0512S/Recom%20Power/view-part/2768892/?ref=snap"; VariantName = "[No Variations]"
Add component (AddParameter): Name = "Value"; Value = ""; VariantName = "[No Variations]"
Added Component: Designator=R1(RESC 0805)
Add component (AddParameter): Name = "Category"; Value = "Resistor"; VariantName = "[No Variations]"
Add component (AddParameter): Name = "Package / Case"; Value = "0805"; VariantName = "[No Variations]"
Add component (AddParameter): Name = "Part Number"; Value = "R0325"; VariantName = "[No Variations]"
Add component (AddParameter): Name = "Power"; Value = "1/10W"; VariantName = "[No Variations]"
Add component (AddParameter): Name = "Tolerance"; Value = "%5"; VariantName = "[No Variations]"
Add component (AddParameter): Name = "Value"; Value = "200R"; VariantName = "[No Variations]"
Add component (AddParameter): Name = "Values"; Value = "200R"; VariantName = "[No Variations]"
Added Component: Designator=R2(RESC 0805)
Add component (AddParameter): Name = "Category"; Value = "Resistor"; VariantName = "[No Variations]"
Add component (AddParameter): Name = "Package / Case"; Value = "0805"; VariantName = "[No Variations]"
Add component (AddParameter): Name = "Part Number"; Value = "R0325"; VariantName = "[No Variations]"
Add component (AddParameter): Name = "Power"; Value = "1/10W"; VariantName = "[No Variations]"
Add component (AddParameter): Name = "Tolerance"; Value = "%5"; VariantName = "[No Variations]"
Add component (AddParameter): Name = "Value"; Value = "200R"; VariantName = "[No Variations]"
Add component (AddParameter): Name = "Values"; Value = "200R"; VariantName = "[No Variations]"
Added Component: Designator=R3(RESC 0805)
Add component (AddParameter): Name = "Category"; Value = "Resistor"; VariantName = "[No Variations]"
Add component (AddParameter): Name = "Package / Case"; Value = "0805"; VariantName = "[No Variations]"
Add component (AddParameter): Name = "Part Number"; Value = "R0325"; VariantName = "[No Variations]"
Add component (AddParameter): Name = "Power"; Value = "1/10W"; VariantName = "[No Variations]"
Add component (AddParameter): Name = "Tolerance"; Value = "%5"; VariantName = "[No Variations]"
Add component (AddParameter): Name = "Value"; Value = "200R"; VariantName = "[No Variations]"
Add component (AddParameter): Name = "Values"; Value = "200R"; VariantName = "[No Variations]"
Added Component: Designator=R4(RESC 0805)
Add component (AddParameter): Name = "Category"; Value = "Resistor"; VariantName = "[No Variations]"
Add component (AddParameter): Name = "Package / Case"; Value = "0805"; VariantName = "[No Variations]"
Add component (AddParameter): Name = "Part Number"; Value = "R0325"; VariantName = "[No Variations]"
Add component (AddParameter): Name = "Power"; Value = "1/10W"; VariantName = "[No Variations]"
Add component (AddParameter): Name = "Tolerance"; Value = "%5"; VariantName = "[No Variations]"
Add component (AddParameter): Name = "Value"; Value = "200R"; VariantName = "[No Variations]"
Add component (AddParameter): Name = "Values"; Value = "200R"; VariantName = "[No Variations]"
Added Component: Designator=R5(RESC 0805)
Add component (AddParameter): Name = "Category"; Value = "Resistor"; VariantName = "[No Variations]"
Add component (AddParameter): Name = "Package / Case"; Value = "0805"; VariantName = "[No Variations]"
Add component (AddParameter): Name = "Part Number"; Value = "R0325"; VariantName = "[No Variations]"
Add component (AddParameter): Name = "Power"; Value = "1/10W"; VariantName = "[No Variations]"
Add component (AddParameter): Name = "Tolerance"; Value = "%5"; VariantName = "[No Variations]"
Add component (AddParameter): Name = "Value"; Value = "200R"; VariantName = "[No Variations]"
Add component (AddParameter): Name = "Values"; Value = "200R"; VariantName = "[No Variations]"
Added Component: Designator=R6(RESC 0805)
Add component (AddParameter): Name = "Category"; Value = "Resistor"; VariantName = "[No Variations]"
Add component (AddParameter): Name = "Package / Case"; Value = "0805"; VariantName = "[No Variations]"
Add component (AddParameter): Name = "Part Number"; Value = "R0325"; VariantName = "[No Variations]"
Add component (AddParameter): Name = "Power"; Value = "1/10W"; VariantName = "[No Variations]"
Add component (AddParameter): Name = "Tolerance"; Value = "%5"; VariantName = "[No Variations]"
Add component (AddParameter): Name = "Value"; Value = "200R"; VariantName = "[No Variations]"
Add component (AddParameter): Name = "Values"; Value = "200R"; VariantName = "[No Variations]"
Added Component: Designator=R7(RESC 0805)
Add component (AddParameter): Name = "Category"; Value = "Resistor"; VariantName = "[No Variations]"
Add component (AddParameter): Name = "Manufacturer"; Value = ""; VariantName = "[No Variations]"
Add component (AddParameter): Name = "Manufacturer Part Number"; Value = ""; VariantName = "[No Variations]"
Add component (AddParameter): Name = "Package / Case"; Value = "0805"; VariantName = "[No Variations]"
Add component (AddParameter): Name = "Part Number"; Value = "R0334"; VariantName = "[No Variations]"
Add component (AddParameter): Name = "Power"; Value = ""; VariantName = "[No Variations]"
Add component (AddParameter): Name = "Supplier"; Value = ""; VariantName = "[No Variations]"
Add component (AddParameter): Name = "Tolerance"; Value = ""; VariantName = "[No Variations]"
Add component (AddParameter): Name = "URL"; Value = ""; VariantName = "[No Variations]"
Add component (AddParameter): Name = "Value"; Value = "470R"; VariantName = "[No Variations]"
Add component (AddParameter): Name = "Values"; Value = "470R"; VariantName = "[No Variations]"
Added Component: Designator=R8(RESC 0603)
Add component (AddParameter): Name = "Category"; Value = "Resistor"; VariantName = "[No Variations]"
Add component (AddParameter): Name = "Package / Case"; Value = "0603"; VariantName = "[No Variations]"
Add component (AddParameter): Name = "Part Number"; Value = "R0149"; VariantName = "[No Variations]"
Add component (AddParameter): Name = "Power"; Value = "1/10W"; VariantName = "[No Variations]"
Add component (AddParameter): Name = "Tolerance"; Value = "%5"; VariantName = "[No Variations]"
Add component (AddParameter): Name = "Value"; Value = "10R"; VariantName = "[No Variations]"
Add component (AddParameter): Name = "Values"; Value = "10R"; VariantName = "[No Variations]"
Added Component: Designator=R9(RESC 0603)
Add component (AddParameter): Name = "Category"; Value = "Resistor"; VariantName = "[No Variations]"
Add component (AddParameter): Name = "Package / Case"; Value = "0603"; VariantName = "[No Variations]"
Add component (AddParameter): Name = "Part Number"; Value = "R0149"; VariantName = "[No Variations]"
Add component (AddParameter): Name = "Power"; Value = "1/10W"; VariantName = "[No Variations]"
Add component (AddParameter): Name = "Tolerance"; Value = "%5"; VariantName = "[No Variations]"
Add component (AddParameter): Name = "Value"; Value = "10R"; VariantName = "[No Variations]"
Add component (AddParameter): Name = "Values"; Value = "10R"; VariantName = "[No Variations]"
Added Component: Designator=R10(RESC 0603)
Add component (AddParameter): Name = "Category"; Value = "Resistor"; VariantName = "[No Variations]"
Add component (AddParameter): Name = "Package / Case"; Value = "0603"; VariantName = "[No Variations]"
Add component (AddParameter): Name = "Part Number"; Value = "R0149"; VariantName = "[No Variations]"
Add component (AddParameter): Name = "Power"; Value = "1/10W"; VariantName = "[No Variations]"
Add component (AddParameter): Name = "Tolerance"; Value = "%5"; VariantName = "[No Variations]"
Add component (AddParameter): Name = "Value"; Value = "10R"; VariantName = "[No Variations]"
Add component (AddParameter): Name = "Values"; Value = "10R"; VariantName = "[No Variations]"
Added Component: Designator=R11(RESC 0603)
Add component (AddParameter): Name = "Category"; Value = "Resistor"; VariantName = "[No Variations]"
Add component (AddParameter): Name = "Package / Case"; Value = "0603"; VariantName = "[No Variations]"
Add component (AddParameter): Name = "Part Number"; Value = "R0149"; VariantName = "[No Variations]"
Add component (AddParameter): Name = "Power"; Value = "1/10W"; VariantName = "[No Variations]"
Add component (AddParameter): Name = "Tolerance"; Value = "%5"; VariantName = "[No Variations]"
Add component (AddParameter): Name = "Value"; Value = "10R"; VariantName = "[No Variations]"
Add component (AddParameter): Name = "Values"; Value = "10R"; VariantName = "[No Variations]"
Added Component: Designator=R12(RESC 0603)
Add component (AddParameter): Name = "Category"; Value = "Resistor"; VariantName = "[No Variations]"
Add component (AddParameter): Name = "Package / Case"; Value = "0603"; VariantName = "[No Variations]"
Add component (AddParameter): Name = "Part Number"; Value = "R0149"; VariantName = "[No Variations]"
Add component (AddParameter): Name = "Power"; Value = "1/10W"; VariantName = "[No Variations]"
Add component (AddParameter): Name = "Tolerance"; Value = "%5"; VariantName = "[No Variations]"
Add component (AddParameter): Name = "Value"; Value = "10R"; VariantName = "[No Variations]"
Add component (AddParameter): Name = "Values"; Value = "10R"; VariantName = "[No Variations]"
Added Component: Designator=R13(RESC 0603)
Add component (AddParameter): Name = "Category"; Value = "Resistor"; VariantName = "[No Variations]"
Add component (AddParameter): Name = "Package / Case"; Value = "0603"; VariantName = "[No Variations]"
Add component (AddParameter): Name = "Part Number"; Value = "R0149"; VariantName = "[No Variations]"
Add component (AddParameter): Name = "Power"; Value = "1/10W"; VariantName = "[No Variations]"
Add component (AddParameter): Name = "Tolerance"; Value = "%5"; VariantName = "[No Variations]"
Add component (AddParameter): Name = "Value"; Value = "10R"; VariantName = "[No Variations]"
Add component (AddParameter): Name = "Values"; Value = "10R"; VariantName = "[No Variations]"
Added Pin To Net: NetName=+5V Pin=C6-2
Added Pin To Net: NetName=+5V Pin=C7-2
Added Pin To Net: NetName=+5V Pin=C8-2
Added Pin To Net: NetName=+5V Pin=C16-2
Added Pin To Net: NetName=+5V Pin=M1-3
Added Pin To Net: NetName=+5V Pin=M1-4
Added Pin To Net: NetName=+5V Pin=PS-2
Added Net: Name=+5V
Added Pin To Net: NetName=+12V_ISO Pin=C1-2
Added Pin To Net: NetName=+12V_ISO Pin=C2-2
Added Pin To Net: NetName=+12V_ISO Pin=C3-2
Added Pin To Net: NetName=+12V_ISO Pin=C9-2
Added Pin To Net: NetName=+12V_ISO Pin=C10-2
Added Pin To Net: NetName=+12V_ISO Pin=C11-2
Added Pin To Net: NetName=+12V_ISO Pin=C17-2
Added Pin To Net: NetName=+12V_ISO Pin=C18-2
Added Pin To Net: NetName=+12V_ISO Pin=G1-6
Added Pin To Net: NetName=+12V_ISO Pin=G2-6
Added Pin To Net: NetName=+12V_ISO Pin=G3-6
Added Pin To Net: NetName=+12V_ISO Pin=G4-6
Added Pin To Net: NetName=+12V_ISO Pin=G5-6
Added Pin To Net: NetName=+12V_ISO Pin=G6-6
Added Pin To Net: NetName=+12V_ISO Pin=PS-4
Added Net: Name=+12V_ISO
Added Pin To Net: NetName=+16.8V Pin=C4-2
Added Pin To Net: NetName=+16.8V Pin=C5-2
Added Pin To Net: NetName=+16.8V Pin=C12-2
Added Pin To Net: NetName=+16.8V Pin=C13-2
Added Pin To Net: NetName=+16.8V Pin=C14-2
Added Pin To Net: NetName=+16.8V Pin=C15-2
Added Pin To Net: NetName=+16.8V Pin=M1-1
Added Pin To Net: NetName=+16.8V Pin=M1-2
Added Pin To Net: NetName=+16.8V Pin=R7-2
Added Net: Name=+16.8V
Added Pin To Net: NetName=GND_ISO Pin=C17-1
Added Pin To Net: NetName=GND_ISO Pin=C18-1
Added Pin To Net: NetName=GND_ISO Pin=PS-3
Added Net: Name=GND_ISO
Added Pin To Net: NetName=GND Pin=C1-1
Added Pin To Net: NetName=GND Pin=C2-1
Added Pin To Net: NetName=GND Pin=C3-1
Added Pin To Net: NetName=GND Pin=C4-1
Added Pin To Net: NetName=GND Pin=C5-1
Added Pin To Net: NetName=GND Pin=C6-1
Added Pin To Net: NetName=GND Pin=C7-1
Added Pin To Net: NetName=GND Pin=C8-1
Added Pin To Net: NetName=GND Pin=C9-1
Added Pin To Net: NetName=GND Pin=C10-1
Added Pin To Net: NetName=GND Pin=C11-1
Added Pin To Net: NetName=GND Pin=C12-1
Added Pin To Net: NetName=GND Pin=C13-1
Added Pin To Net: NetName=GND Pin=C14-1
Added Pin To Net: NetName=GND Pin=C15-1
Added Pin To Net: NetName=GND Pin=C16-1
Added Pin To Net: NetName=GND Pin=G1-3
Added Pin To Net: NetName=GND Pin=G1-4
Added Pin To Net: NetName=GND Pin=G2-3
Added Pin To Net: NetName=GND Pin=G2-4
Added Pin To Net: NetName=GND Pin=G3-3
Added Pin To Net: NetName=GND Pin=G3-4
Added Pin To Net: NetName=GND Pin=G4-3
Added Pin To Net: NetName=GND Pin=G4-4
Added Pin To Net: NetName=GND Pin=G5-3
Added Pin To Net: NetName=GND Pin=G5-4
Added Pin To Net: NetName=GND Pin=G6-3
Added Pin To Net: NetName=GND Pin=G6-4
Added Pin To Net: NetName=GND Pin=LED1-2
Added Pin To Net: NetName=GND Pin=M1-5
Added Pin To Net: NetName=GND Pin=M1-6
Added Pin To Net: NetName=GND Pin=M1-7
Added Pin To Net: NetName=GND Pin=M1-8
Added Pin To Net: NetName=GND Pin=PS-1
Added Net: Name=GND
Added Pin To Net: NetName=NetG1_1 Pin=G1-1
Added Pin To Net: NetName=NetG1_1 Pin=R1-2
Added Net: Name=NetG1_1
Added Pin To Net: NetName=NetG1_5 Pin=G1-5
Added Pin To Net: NetName=NetG1_5 Pin=R8-1
Added Net: Name=NetG1_5
Added Pin To Net: NetName=NetG2_1 Pin=G2-1
Added Pin To Net: NetName=NetG2_1 Pin=R2-2
Added Net: Name=NetG2_1
Added Pin To Net: NetName=NetG2_5 Pin=G2-5
Added Pin To Net: NetName=NetG2_5 Pin=R9-1
Added Net: Name=NetG2_5
Added Pin To Net: NetName=NetG3_1 Pin=G3-1
Added Pin To Net: NetName=NetG3_1 Pin=R3-2
Added Net: Name=NetG3_1
Added Pin To Net: NetName=NetG3_5 Pin=G3-5
Added Pin To Net: NetName=NetG3_5 Pin=R10-1
Added Net: Name=NetG3_5
Added Pin To Net: NetName=NetG4_1 Pin=G4-1
Added Pin To Net: NetName=NetG4_1 Pin=R4-2
Added Net: Name=NetG4_1
Added Pin To Net: NetName=NetG4_5 Pin=G4-5
Added Pin To Net: NetName=NetG4_5 Pin=R11-1
Added Net: Name=NetG4_5
Added Pin To Net: NetName=NetG5_1 Pin=G5-1
Added Pin To Net: NetName=NetG5_1 Pin=R5-2
Added Net: Name=NetG5_1
Added Pin To Net: NetName=NetG5_5 Pin=G5-5
Added Pin To Net: NetName=NetG5_5 Pin=R12-1
Added Net: Name=NetG5_5
Added Pin To Net: NetName=NetG6_1 Pin=G6-1
Added Pin To Net: NetName=NetG6_1 Pin=R6-2
Added Net: Name=NetG6_1
Added Pin To Net: NetName=NetG6_5 Pin=G6-5
Added Pin To Net: NetName=NetG6_5 Pin=R13-1
Added Net: Name=NetG6_5
Added Pin To Net: NetName=NetLED1_1 Pin=LED1-1
Added Pin To Net: NetName=NetLED1_1 Pin=R7-1
Added Net: Name=NetLED1_1
Added Pin To Net: NetName=NetQ1_1 Pin=R8-2
Added Net: Name=NetQ1_1
Added Pin To Net: NetName=NetQ2_1 Pin=R9-2
Added Net: Name=NetQ2_1
Added Pin To Net: NetName=NetQ3_1 Pin=R10-2
Added Net: Name=NetQ3_1
Added Pin To Net: NetName=NetQ4_1 Pin=R11-2
Added Net: Name=NetQ4_1
Added Pin To Net: NetName=NetQ5_1 Pin=R12-2
Added Net: Name=NetQ5_1
Added Pin To Net: NetName=NetQ6_1 Pin=R13-2
Added Net: Name=NetQ6_1
Added Pin To Net: NetName=PWM3 Pin=R5-1
Added Net: Name=PWM3
Added Pin To Net: NetName=PWM5 Pin=R3-1
Added Net: Name=PWM5
Added Pin To Net: NetName=PWM6 Pin=R6-1
Added Net: Name=PWM6
Added Class: Name=DC-DC_Regulator
Added Class: Name=driver_and_mosfets
Added Room: Name=DC-DC_Regulator
Added Room: Name=driver_and_mosfets
