Change Component Footprint: Designator=C1 Old Footprint=CAPC 1206 New Footprint=CAPC 0805
Change Component Footprint: Designator=C2 Old Footprint=CAPC 1206 New Footprint=CAPC 0805
Change Component Footprint: Designator=C3 Old Footprint=CAPC 1206 New Footprint=CAPC 0805
Change Component Footprint: Designator=C4 Old Footprint=CAPC 1206 New Footprint=CAPC 0805
Change Component Footprint: Designator=C9 Old Footprint=CAPC 1206 New Footprint=CAPC 0805
Change Component Footprint: Designator=C10 Old Footprint=CAPC 1206 New Footprint=CAPC 0805
Change Component Footprint: Designator=C11 Old Footprint=CAPC 1206 New Footprint=CAPC 0805
Change Component Footprint: Designator=C12 Old Footprint=CAPC 1206 New Footprint=CAPC 0805
Change Component Footprint: Designator=C17 Old Footprint=CAPC 1206 New Footprint=CAPC 0805
Change Component Footprint: Designator=C18 Old Footprint=CAPC 1206 New Footprint=CAPC 0805
Change Component Footprint: Designator=C19 Old Footprint=CAPC 1206 New Footprint=CAPC 0805
Change Component Footprint: Designator=C20 Old Footprint=CAPC 1206 New Footprint=CAPC 0805
Change Component Footprint: Designator=C21 Old Footprint=CAPC 1206 New Footprint=CAPC 0805
Change Component Footprint: Designator=C22 Old Footprint=CAPC 1206 New Footprint=CAPC 0805
Change Component Footprint: Designator=C23 Old Footprint=CAPC 1206 New Footprint=CAPC 0805
Change Component Footprint: Designator=C24 Old Footprint=CAPC 1206 New Footprint=CAPC 0805
Change component parameters: Designator = "C1" ("C1"); Footprint = "CAPC 1206"; UniqueID = "\WVMUTHVS" ("\WVMUTHVS")
Change component parameters (AddParameter): Name = "Category"; Value = "Capacitor Ceramic"; VariantName = "[No Variations]"
Change component parameters (AddParameter): Name = "Favorites"; Value = "Favorite"; VariantName = "[No Variations]"
Change component parameters (AddParameter): Name = "Package / Case"; Value = "0805"; VariantName = "[No Variations]"
Change component parameters (AddParameter): Name = "Part Number"; Value = "CAPC0580"; VariantName = "[No Variations]"
Change component parameters (AddParameter): Name = "Tolerance"; Value = "%10"; VariantName = "[No Variations]"
Change component parameters (AddParameter): Name = "Value"; Value = "1uF"; VariantName = "[No Variations]"
Change component parameters (AddParameter): Name = "Value Rating"; Value = "uF"; VariantName = "[No Variations]"
Change component parameters (AddParameter): Name = "Values"; Value = "1uF 50V"; VariantName = "[No Variations]"
Change component parameters (AddParameter): Name = "Voltage"; Value = "50V"; VariantName = "[No Variations]"
Change component parameters: Designator = "C2" ("C2"); Footprint = "CAPC 1206"; UniqueID = "\CYCUNSIZ" ("\CYCUNSIZ")
Change component parameters (AddParameter): Name = "Category"; Value = "Capacitor Ceramic"; VariantName = "[No Variations]"
Change component parameters (AddParameter): Name = "Favorites"; Value = "Favorite"; VariantName = "[No Variations]"
Change component parameters (AddParameter): Name = "Package / Case"; Value = "0805"; VariantName = "[No Variations]"
Change component parameters (AddParameter): Name = "Part Number"; Value = "CAPC0580"; VariantName = "[No Variations]"
Change component parameters (AddParameter): Name = "Tolerance"; Value = "%10"; VariantName = "[No Variations]"
Change component parameters (AddParameter): Name = "Value"; Value = "1uF"; VariantName = "[No Variations]"
Change component parameters (AddParameter): Name = "Value Rating"; Value = "uF"; VariantName = "[No Variations]"
Change component parameters (AddParameter): Name = "Values"; Value = "1uF 50V"; VariantName = "[No Variations]"
Change component parameters (AddParameter): Name = "Voltage"; Value = "50V"; VariantName = "[No Variations]"
Change component parameters: Designator = "C3" ("C3"); Footprint = "CAPC 1206"; UniqueID = "\PFARWGMQ" ("\PFARWGMQ")
Change component parameters (AddParameter): Name = "Category"; Value = "Capacitor Ceramic"; VariantName = "[No Variations]"
Change component parameters (AddParameter): Name = "Favorites"; Value = "Favorite"; VariantName = "[No Variations]"
Change component parameters (AddParameter): Name = "Package / Case"; Value = "0805"; VariantName = "[No Variations]"
Change component parameters (AddParameter): Name = "Part Number"; Value = "CAPC0580"; VariantName = "[No Variations]"
Change component parameters (AddParameter): Name = "Tolerance"; Value = "%10"; VariantName = "[No Variations]"
Change component parameters (AddParameter): Name = "Value"; Value = "1uF"; VariantName = "[No Variations]"
Change component parameters (AddParameter): Name = "Value Rating"; Value = "uF"; VariantName = "[No Variations]"
Change component parameters (AddParameter): Name = "Values"; Value = "1uF 50V"; VariantName = "[No Variations]"
Change component parameters (AddParameter): Name = "Voltage"; Value = "50V"; VariantName = "[No Variations]"
Change component parameters: Designator = "C4" ("C4"); Footprint = "CAPC 1206"; UniqueID = "\VGWALQUJ" ("\VGWALQUJ")
Change component parameters (AddParameter): Name = "Category"; Value = "Capacitor Ceramic"; VariantName = "[No Variations]"
Change component parameters (AddParameter): Name = "Favorites"; Value = "Favorite"; VariantName = "[No Variations]"
Change component parameters (AddParameter): Name = "Package / Case"; Value = "0805"; VariantName = "[No Variations]"
Change component parameters (AddParameter): Name = "Part Number"; Value = "CAPC0580"; VariantName = "[No Variations]"
Change component parameters (AddParameter): Name = "Tolerance"; Value = "%10"; VariantName = "[No Variations]"
Change component parameters (AddParameter): Name = "Value"; Value = "1uF"; VariantName = "[No Variations]"
Change component parameters (AddParameter): Name = "Value Rating"; Value = "uF"; VariantName = "[No Variations]"
Change component parameters (AddParameter): Name = "Values"; Value = "1uF 50V"; VariantName = "[No Variations]"
Change component parameters (AddParameter): Name = "Voltage"; Value = "50V"; VariantName = "[No Variations]"
Change component parameters: Designator = "C9" ("C9"); Footprint = "CAPC 1206"; UniqueID = "\YMSCOSCF" ("\YMSCOSCF")
Change component parameters (AddParameter): Name = "Category"; Value = "Capacitor Ceramic"; VariantName = "[No Variations]"
Change component parameters (AddParameter): Name = "Favorites"; Value = "Favorite"; VariantName = "[No Variations]"
Change component parameters (AddParameter): Name = "Package / Case"; Value = "0805"; VariantName = "[No Variations]"
Change component parameters (AddParameter): Name = "Part Number"; Value = "CAPC0580"; VariantName = "[No Variations]"
Change component parameters (AddParameter): Name = "Tolerance"; Value = "%10"; VariantName = "[No Variations]"
Change component parameters (AddParameter): Name = "Value"; Value = "1uF"; VariantName = "[No Variations]"
Change component parameters (AddParameter): Name = "Value Rating"; Value = "uF"; VariantName = "[No Variations]"
Change component parameters (AddParameter): Name = "Values"; Value = "1uF 50V"; VariantName = "[No Variations]"
Change component parameters (AddParameter): Name = "Voltage"; Value = "50V"; VariantName = "[No Variations]"
Change component parameters: Designator = "C10" ("C10"); Footprint = "CAPC 1206"; UniqueID = "\UWMNUUJF" ("\UWMNUUJF")
Change component parameters (AddParameter): Name = "Category"; Value = "Capacitor Ceramic"; VariantName = "[No Variations]"
Change component parameters (AddParameter): Name = "Favorites"; Value = "Favorite"; VariantName = "[No Variations]"
Change component parameters (AddParameter): Name = "Package / Case"; Value = "0805"; VariantName = "[No Variations]"
Change component parameters (AddParameter): Name = "Part Number"; Value = "CAPC0580"; VariantName = "[No Variations]"
Change component parameters (AddParameter): Name = "Tolerance"; Value = "%10"; VariantName = "[No Variations]"
Change component parameters (AddParameter): Name = "Value"; Value = "1uF"; VariantName = "[No Variations]"
Change component parameters (AddParameter): Name = "Value Rating"; Value = "uF"; VariantName = "[No Variations]"
Change component parameters (AddParameter): Name = "Values"; Value = "1uF 50V"; VariantName = "[No Variations]"
Change component parameters (AddParameter): Name = "Voltage"; Value = "50V"; VariantName = "[No Variations]"
Change component parameters: Designator = "C11" ("C11"); Footprint = "CAPC 1206"; UniqueID = "\TJBOEBYJ" ("\TJBOEBYJ")
Change component parameters (AddParameter): Name = "Category"; Value = "Capacitor Ceramic"; VariantName = "[No Variations]"
Change component parameters (AddParameter): Name = "Favorites"; Value = "Favorite"; VariantName = "[No Variations]"
Change component parameters (AddParameter): Name = "Package / Case"; Value = "0805"; VariantName = "[No Variations]"
Change component parameters (AddParameter): Name = "Part Number"; Value = "CAPC0580"; VariantName = "[No Variations]"
Change component parameters (AddParameter): Name = "Tolerance"; Value = "%10"; VariantName = "[No Variations]"
Change component parameters (AddParameter): Name = "Value"; Value = "1uF"; VariantName = "[No Variations]"
Change component parameters (AddParameter): Name = "Value Rating"; Value = "uF"; VariantName = "[No Variations]"
Change component parameters (AddParameter): Name = "Values"; Value = "1uF 50V"; VariantName = "[No Variations]"
Change component parameters (AddParameter): Name = "Voltage"; Value = "50V"; VariantName = "[No Variations]"
Change component parameters: Designator = "C12" ("C12"); Footprint = "CAPC 1206"; UniqueID = "\ROUFOPHF" ("\ROUFOPHF")
Change component parameters (AddParameter): Name = "Category"; Value = "Capacitor Ceramic"; VariantName = "[No Variations]"
Change component parameters (AddParameter): Name = "Favorites"; Value = "Favorite"; VariantName = "[No Variations]"
Change component parameters (AddParameter): Name = "Package / Case"; Value = "0805"; VariantName = "[No Variations]"
Change component parameters (AddParameter): Name = "Part Number"; Value = "CAPC0580"; VariantName = "[No Variations]"
Change component parameters (AddParameter): Name = "Tolerance"; Value = "%10"; VariantName = "[No Variations]"
Change component parameters (AddParameter): Name = "Value"; Value = "1uF"; VariantName = "[No Variations]"
Change component parameters (AddParameter): Name = "Value Rating"; Value = "uF"; VariantName = "[No Variations]"
Change component parameters (AddParameter): Name = "Values"; Value = "1uF 50V"; VariantName = "[No Variations]"
Change component parameters (AddParameter): Name = "Voltage"; Value = "50V"; VariantName = "[No Variations]"
Change component parameters: Designator = "C17" ("C17"); Footprint = "CAPC 1206"; UniqueID = "\JVIOZOPL" ("\JVIOZOPL")
Change component parameters (AddParameter): Name = "Category"; Value = "Capacitor Ceramic"; VariantName = "[No Variations]"
Change component parameters (AddParameter): Name = "Favorites"; Value = "Favorite"; VariantName = "[No Variations]"
Change component parameters (AddParameter): Name = "Package / Case"; Value = "0805"; VariantName = "[No Variations]"
Change component parameters (AddParameter): Name = "Part Number"; Value = "CAPC0580"; VariantName = "[No Variations]"
Change component parameters (AddParameter): Name = "Tolerance"; Value = "%10"; VariantName = "[No Variations]"
Change component parameters (AddParameter): Name = "Value"; Value = "1uF"; VariantName = "[No Variations]"
Change component parameters (AddParameter): Name = "Value Rating"; Value = "uF"; VariantName = "[No Variations]"
Change component parameters (AddParameter): Name = "Values"; Value = "1uF 50V"; VariantName = "[No Variations]"
Change component parameters (AddParameter): Name = "Voltage"; Value = "50V"; VariantName = "[No Variations]"
Change component parameters: Designator = "C18" ("C18"); Footprint = "CAPC 1206"; UniqueID = "\RHNTOUYT" ("\RHNTOUYT")
Change component parameters (AddParameter): Name = "Category"; Value = "Capacitor Ceramic"; VariantName = "[No Variations]"
Change component parameters (AddParameter): Name = "Favorites"; Value = "Favorite"; VariantName = "[No Variations]"
Change component parameters (AddParameter): Name = "Package / Case"; Value = "0805"; VariantName = "[No Variations]"
Change component parameters (AddParameter): Name = "Part Number"; Value = "CAPC0580"; VariantName = "[No Variations]"
Change component parameters (AddParameter): Name = "Tolerance"; Value = "%10"; VariantName = "[No Variations]"
Change component parameters (AddParameter): Name = "Value"; Value = "1uF"; VariantName = "[No Variations]"
Change component parameters (AddParameter): Name = "Value Rating"; Value = "uF"; VariantName = "[No Variations]"
Change component parameters (AddParameter): Name = "Values"; Value = "1uF 50V"; VariantName = "[No Variations]"
Change component parameters (AddParameter): Name = "Voltage"; Value = "50V"; VariantName = "[No Variations]"
Change component parameters: Designator = "C19" ("C19"); Footprint = "CAPC 1206"; UniqueID = "\FWBSBYIT" ("\FWBSBYIT")
Change component parameters (AddParameter): Name = "Category"; Value = "Capacitor Ceramic"; VariantName = "[No Variations]"
Change component parameters (AddParameter): Name = "Favorites"; Value = "Favorite"; VariantName = "[No Variations]"
Change component parameters (AddParameter): Name = "Package / Case"; Value = "0805"; VariantName = "[No Variations]"
Change component parameters (AddParameter): Name = "Part Number"; Value = "CAPC0580"; VariantName = "[No Variations]"
Change component parameters (AddParameter): Name = "Tolerance"; Value = "%10"; VariantName = "[No Variations]"
Change component parameters (AddParameter): Name = "Value"; Value = "1uF"; VariantName = "[No Variations]"
Change component parameters (AddParameter): Name = "Value Rating"; Value = "uF"; VariantName = "[No Variations]"
Change component parameters (AddParameter): Name = "Values"; Value = "1uF 50V"; VariantName = "[No Variations]"
Change component parameters (AddParameter): Name = "Voltage"; Value = "50V"; VariantName = "[No Variations]"
Change component parameters: Designator = "C20" ("C20"); Footprint = "CAPC 1206"; UniqueID = "\XPWMGYQY" ("\XPWMGYQY")
Change component parameters (AddParameter): Name = "Category"; Value = "Capacitor Ceramic"; VariantName = "[No Variations]"
Change component parameters (AddParameter): Name = "Favorites"; Value = "Favorite"; VariantName = "[No Variations]"
Change component parameters (AddParameter): Name = "Package / Case"; Value = "0805"; VariantName = "[No Variations]"
Change component parameters (AddParameter): Name = "Part Number"; Value = "CAPC0580"; VariantName = "[No Variations]"
Change component parameters (AddParameter): Name = "Tolerance"; Value = "%10"; VariantName = "[No Variations]"
Change component parameters (AddParameter): Name = "Value"; Value = "1uF"; VariantName = "[No Variations]"
Change component parameters (AddParameter): Name = "Value Rating"; Value = "uF"; VariantName = "[No Variations]"
Change component parameters (AddParameter): Name = "Values"; Value = "1uF 50V"; VariantName = "[No Variations]"
Change component parameters (AddParameter): Name = "Voltage"; Value = "50V"; VariantName = "[No Variations]"
Change component parameters: Designator = "C21" ("C21"); Footprint = "CAPC 1206"; UniqueID = "\XNPZFFGO" ("\XNPZFFGO")
Change component parameters (AddParameter): Name = "Category"; Value = "Capacitor Ceramic"; VariantName = "[No Variations]"
Change component parameters (AddParameter): Name = "Favorites"; Value = "Favorite"; VariantName = "[No Variations]"
Change component parameters (AddParameter): Name = "Package / Case"; Value = "0805"; VariantName = "[No Variations]"
Change component parameters (AddParameter): Name = "Part Number"; Value = "CAPC0580"; VariantName = "[No Variations]"
Change component parameters (AddParameter): Name = "Tolerance"; Value = "%10"; VariantName = "[No Variations]"
Change component parameters (AddParameter): Name = "Value"; Value = "1uF"; VariantName = "[No Variations]"
Change component parameters (AddParameter): Name = "Value Rating"; Value = "uF"; VariantName = "[No Variations]"
Change component parameters (AddParameter): Name = "Values"; Value = "1uF 50V"; VariantName = "[No Variations]"
Change component parameters (AddParameter): Name = "Voltage"; Value = "50V"; VariantName = "[No Variations]"
Change component parameters: Designator = "C22" ("C22"); Footprint = "CAPC 1206"; UniqueID = "\XRWIZQTE" ("\XRWIZQTE")
Change component parameters (AddParameter): Name = "Category"; Value = "Capacitor Ceramic"; VariantName = "[No Variations]"
Change component parameters (AddParameter): Name = "Favorites"; Value = "Favorite"; VariantName = "[No Variations]"
Change component parameters (AddParameter): Name = "Package / Case"; Value = "0805"; VariantName = "[No Variations]"
Change component parameters (AddParameter): Name = "Part Number"; Value = "CAPC0580"; VariantName = "[No Variations]"
Change component parameters (AddParameter): Name = "Tolerance"; Value = "%10"; VariantName = "[No Variations]"
Change component parameters (AddParameter): Name = "Value"; Value = "1uF"; VariantName = "[No Variations]"
Change component parameters (AddParameter): Name = "Value Rating"; Value = "uF"; VariantName = "[No Variations]"
Change component parameters (AddParameter): Name = "Values"; Value = "1uF 50V"; VariantName = "[No Variations]"
Change component parameters (AddParameter): Name = "Voltage"; Value = "50V"; VariantName = "[No Variations]"
Change component parameters: Designator = "C23" ("C23"); Footprint = "CAPC 1206"; UniqueID = "\EURFQFWW" ("\EURFQFWW")
Change component parameters (AddParameter): Name = "Category"; Value = "Capacitor Ceramic"; VariantName = "[No Variations]"
Change component parameters (AddParameter): Name = "Favorites"; Value = "Favorite"; VariantName = "[No Variations]"
Change component parameters (AddParameter): Name = "Package / Case"; Value = "0805"; VariantName = "[No Variations]"
Change component parameters (AddParameter): Name = "Part Number"; Value = "CAPC0580"; VariantName = "[No Variations]"
Change component parameters (AddParameter): Name = "Tolerance"; Value = "%10"; VariantName = "[No Variations]"
Change component parameters (AddParameter): Name = "Value"; Value = "1uF"; VariantName = "[No Variations]"
Change component parameters (AddParameter): Name = "Value Rating"; Value = "uF"; VariantName = "[No Variations]"
Change component parameters (AddParameter): Name = "Values"; Value = "1uF 50V"; VariantName = "[No Variations]"
Change component parameters (AddParameter): Name = "Voltage"; Value = "50V"; VariantName = "[No Variations]"
Change component parameters: Designator = "C24" ("C24"); Footprint = "CAPC 1206"; UniqueID = "\CURWYWTU" ("\CURWYWTU")
Change component parameters (AddParameter): Name = "Category"; Value = "Capacitor Ceramic"; VariantName = "[No Variations]"
Change component parameters (AddParameter): Name = "Favorites"; Value = "Favorite"; VariantName = "[No Variations]"
Change component parameters (AddParameter): Name = "Package / Case"; Value = "0805"; VariantName = "[No Variations]"
Change component parameters (AddParameter): Name = "Part Number"; Value = "CAPC0580"; VariantName = "[No Variations]"
Change component parameters (AddParameter): Name = "Tolerance"; Value = "%10"; VariantName = "[No Variations]"
Change component parameters (AddParameter): Name = "Value"; Value = "1uF"; VariantName = "[No Variations]"
Change component parameters (AddParameter): Name = "Value Rating"; Value = "uF"; VariantName = "[No Variations]"
Change component parameters (AddParameter): Name = "Values"; Value = "1uF 50V"; VariantName = "[No Variations]"
Change component parameters (AddParameter): Name = "Voltage"; Value = "50V"; VariantName = "[No Variations]"
Added Room: Name=2022_AESK_UAV_POWER
