Added Component: Designator=C1(CAPC 1206)
Add component (AddParameter): Name = "Category"; Value = "Capacitor Ceramic"; VariantName = "[No Variations]"
Add component (AddParameter): Name = "Package / Case"; Value = "1206"; VariantName = "[No Variations]"
Add component (AddParameter): Name = "Part Number"; Value = "CAPC0953"; VariantName = "[No Variations]"
Add component (AddParameter): Name = "Tolerance"; Value = "%10"; VariantName = "[No Variations]"
Add component (AddParameter): Name = "Value"; Value = "1uF"; VariantName = "[No Variations]"
Add component (AddParameter): Name = "Value Rating"; Value = "uF"; VariantName = "[No Variations]"
Add component (AddParameter): Name = "Values"; Value = "1uF 25V"; VariantName = "[No Variations]"
Add component (AddParameter): Name = "Voltage"; Value = "25V"; VariantName = "[No Variations]"
Added Component: Designator=C2(CAPC 1206)
Add component (AddParameter): Name = "Category"; Value = "Capacitor Ceramic"; VariantName = "[No Variations]"
Add component (AddParameter): Name = "Package / Case"; Value = "1206"; VariantName = "[No Variations]"
Add component (AddParameter): Name = "Part Number"; Value = "CAPC0953"; VariantName = "[No Variations]"
Add component (AddParameter): Name = "Tolerance"; Value = "%10"; VariantName = "[No Variations]"
Add component (AddParameter): Name = "Value"; Value = "1uF"; VariantName = "[No Variations]"
Add component (AddParameter): Name = "Value Rating"; Value = "uF"; VariantName = "[No Variations]"
Add component (AddParameter): Name = "Values"; Value = "1uF 25V"; VariantName = "[No Variations]"
Add component (AddParameter): Name = "Voltage"; Value = "25V"; VariantName = "[No Variations]"
Added Component: Designator=C3(CAPC 1206)
Add component (AddParameter): Name = "Category"; Value = "Capacitor Ceramic"; VariantName = "[No Variations]"
Add component (AddParameter): Name = "Package / Case"; Value = "1206"; VariantName = "[No Variations]"
Add component (AddParameter): Name = "Part Number"; Value = "CAPC0953"; VariantName = "[No Variations]"
Add component (AddParameter): Name = "Tolerance"; Value = "%10"; VariantName = "[No Variations]"
Add component (AddParameter): Name = "Value"; Value = "1uF"; VariantName = "[No Variations]"
Add component (AddParameter): Name = "Value Rating"; Value = "uF"; VariantName = "[No Variations]"
Add component (AddParameter): Name = "Values"; Value = "1uF 25V"; VariantName = "[No Variations]"
Add component (AddParameter): Name = "Voltage"; Value = "25V"; VariantName = "[No Variations]"
Added Component: Designator=C4(CAPC 1206)
Add component (AddParameter): Name = "Category"; Value = "Capacitor Ceramic"; VariantName = "[No Variations]"
Add component (AddParameter): Name = "Package / Case"; Value = "1206"; VariantName = "[No Variations]"
Add component (AddParameter): Name = "Part Number"; Value = "CAPC0953"; VariantName = "[No Variations]"
Add component (AddParameter): Name = "Tolerance"; Value = "%10"; VariantName = "[No Variations]"
Add component (AddParameter): Name = "Value"; Value = "1uF"; VariantName = "[No Variations]"
Add component (AddParameter): Name = "Value Rating"; Value = "uF"; VariantName = "[No Variations]"
Add component (AddParameter): Name = "Values"; Value = "1uF 25V"; VariantName = "[No Variations]"
Add component (AddParameter): Name = "Voltage"; Value = "25V"; VariantName = "[No Variations]"
Added Component: Designator=C5(CAPC 1206)
Add component (AddParameter): Name = "Category"; Value = "Capacitor Ceramic"; VariantName = "[No Variations]"
Add component (AddParameter): Name = "Package / Case"; Value = "1206"; VariantName = "[No Variations]"
Add component (AddParameter): Name = "Part Number"; Value = "CAPC0953"; VariantName = "[No Variations]"
Add component (AddParameter): Name = "Tolerance"; Value = "%10"; VariantName = "[No Variations]"
Add component (AddParameter): Name = "Value"; Value = "1uF"; VariantName = "[No Variations]"
Add component (AddParameter): Name = "Value Rating"; Value = "uF"; VariantName = "[No Variations]"
Add component (AddParameter): Name = "Values"; Value = "1uF 25V"; VariantName = "[No Variations]"
Add component (AddParameter): Name = "Voltage"; Value = "25V"; VariantName = "[No Variations]"
Added Component: Designator=C6(CAPC 1206)
Add component (AddParameter): Name = "Category"; Value = "Capacitor Ceramic"; VariantName = "[No Variations]"
Add component (AddParameter): Name = "Package / Case"; Value = "1206"; VariantName = "[No Variations]"
Add component (AddParameter): Name = "Part Number"; Value = "CAPC0953"; VariantName = "[No Variations]"
Add component (AddParameter): Name = "Tolerance"; Value = "%10"; VariantName = "[No Variations]"
Add component (AddParameter): Name = "Value"; Value = "1uF"; VariantName = "[No Variations]"
Add component (AddParameter): Name = "Value Rating"; Value = "uF"; VariantName = "[No Variations]"
Add component (AddParameter): Name = "Values"; Value = "1uF 25V"; VariantName = "[No Variations]"
Add component (AddParameter): Name = "Voltage"; Value = "25V"; VariantName = "[No Variations]"
Added Component: Designator=C7(CAPC 1206)
Add component (AddParameter): Name = "Category"; Value = "Capacitor Ceramic"; VariantName = "[No Variations]"
Add component (AddParameter): Name = "Package / Case"; Value = "1206"; VariantName = "[No Variations]"
Add component (AddParameter): Name = "Part Number"; Value = "CAPC0953"; VariantName = "[No Variations]"
Add component (AddParameter): Name = "Tolerance"; Value = "%10"; VariantName = "[No Variations]"
Add component (AddParameter): Name = "Value"; Value = "1uF"; VariantName = "[No Variations]"
Add component (AddParameter): Name = "Value Rating"; Value = "uF"; VariantName = "[No Variations]"
Add component (AddParameter): Name = "Values"; Value = "1uF 25V"; VariantName = "[No Variations]"
Add component (AddParameter): Name = "Voltage"; Value = "25V"; VariantName = "[No Variations]"
Added Component: Designator=C8(CAPC 1206)
Add component (AddParameter): Name = "Category"; Value = "Capacitor Ceramic"; VariantName = "[No Variations]"
Add component (AddParameter): Name = "Package / Case"; Value = "1206"; VariantName = "[No Variations]"
Add component (AddParameter): Name = "Part Number"; Value = "CAPC0953"; VariantName = "[No Variations]"
Add component (AddParameter): Name = "Tolerance"; Value = "%10"; VariantName = "[No Variations]"
Add component (AddParameter): Name = "Value"; Value = "1uF"; VariantName = "[No Variations]"
Add component (AddParameter): Name = "Value Rating"; Value = "uF"; VariantName = "[No Variations]"
Add component (AddParameter): Name = "Values"; Value = "1uF 25V"; VariantName = "[No Variations]"
Add component (AddParameter): Name = "Voltage"; Value = "25V"; VariantName = "[No Variations]"
Added Component: Designator=C9(CAPC 1206)
Add component (AddParameter): Name = "Category"; Value = "Capacitor Ceramic"; VariantName = "[No Variations]"
Add component (AddParameter): Name = "Package / Case"; Value = "1206"; VariantName = "[No Variations]"
Add component (AddParameter): Name = "Part Number"; Value = "CAPC0953"; VariantName = "[No Variations]"
Add component (AddParameter): Name = "Tolerance"; Value = "%10"; VariantName = "[No Variations]"
Add component (AddParameter): Name = "Value"; Value = "1uF"; VariantName = "[No Variations]"
Add component (AddParameter): Name = "Value Rating"; Value = "uF"; VariantName = "[No Variations]"
Add component (AddParameter): Name = "Values"; Value = "1uF 25V"; VariantName = "[No Variations]"
Add component (AddParameter): Name = "Voltage"; Value = "25V"; VariantName = "[No Variations]"
Added Component: Designator=C10(CAPC 1206)
Add component (AddParameter): Name = "Category"; Value = "Capacitor Ceramic"; VariantName = "[No Variations]"
Add component (AddParameter): Name = "Package / Case"; Value = "1206"; VariantName = "[No Variations]"
Add component (AddParameter): Name = "Part Number"; Value = "CAPC0953"; VariantName = "[No Variations]"
Add component (AddParameter): Name = "Tolerance"; Value = "%10"; VariantName = "[No Variations]"
Add component (AddParameter): Name = "Value"; Value = "1uF"; VariantName = "[No Variations]"
Add component (AddParameter): Name = "Value Rating"; Value = "uF"; VariantName = "[No Variations]"
Add component (AddParameter): Name = "Values"; Value = "1uF 25V"; VariantName = "[No Variations]"
Add component (AddParameter): Name = "Voltage"; Value = "25V"; VariantName = "[No Variations]"
Added Component: Designator=C11(CAPC 1206)
Add component (AddParameter): Name = "Category"; Value = "Capacitor Ceramic"; VariantName = "[No Variations]"
Add component (AddParameter): Name = "Package / Case"; Value = "1206"; VariantName = "[No Variations]"
Add component (AddParameter): Name = "Part Number"; Value = "CAPC0953"; VariantName = "[No Variations]"
Add component (AddParameter): Name = "Tolerance"; Value = "%10"; VariantName = "[No Variations]"
Add component (AddParameter): Name = "Value"; Value = "1uF"; VariantName = "[No Variations]"
Add component (AddParameter): Name = "Value Rating"; Value = "uF"; VariantName = "[No Variations]"
Add component (AddParameter): Name = "Values"; Value = "1uF 25V"; VariantName = "[No Variations]"
Add component (AddParameter): Name = "Voltage"; Value = "25V"; VariantName = "[No Variations]"
Added Component: Designator=C12(CAPC 1206)
Add component (AddParameter): Name = "Category"; Value = "Capacitor Ceramic"; VariantName = "[No Variations]"
Add component (AddParameter): Name = "Package / Case"; Value = "1206"; VariantName = "[No Variations]"
Add component (AddParameter): Name = "Part Number"; Value = "CAPC0953"; VariantName = "[No Variations]"
Add component (AddParameter): Name = "Tolerance"; Value = "%10"; VariantName = "[No Variations]"
Add component (AddParameter): Name = "Value"; Value = "1uF"; VariantName = "[No Variations]"
Add component (AddParameter): Name = "Value Rating"; Value = "uF"; VariantName = "[No Variations]"
Add component (AddParameter): Name = "Values"; Value = "1uF 25V"; VariantName = "[No Variations]"
Add component (AddParameter): Name = "Voltage"; Value = "25V"; VariantName = "[No Variations]"
Added Component: Designator=C13(CAPC 0603)
Add component (AddParameter): Name = "Category"; Value = "Capacitor Ceramic"; VariantName = "[No Variations]"
Add component (AddParameter): Name = "Package / Case"; Value = "0603"; VariantName = "[No Variations]"
Add component (AddParameter): Name = "Part Number"; Value = "CAPC0301"; VariantName = "[No Variations]"
Add component (AddParameter): Name = "Tolerance"; Value = "%10"; VariantName = "[No Variations]"
Add component (AddParameter): Name = "Value"; Value = "10uF"; VariantName = "[No Variations]"
Add component (AddParameter): Name = "Value Rating"; Value = "uF"; VariantName = "[No Variations]"
Add component (AddParameter): Name = "Values"; Value = "10uF 50V"; VariantName = "[No Variations]"
Add component (AddParameter): Name = "Voltage"; Value = "50V"; VariantName = "[No Variations]"
Added Component: Designator=C14(CAPC 0603)
Add component (AddParameter): Name = "Category"; Value = "Capacitor Ceramic"; VariantName = "[No Variations]"
Add component (AddParameter): Name = "Favorites"; Value = "Favorite"; VariantName = "[No Variations]"
Add component (AddParameter): Name = "Package / Case"; Value = "0603"; VariantName = "[No Variations]"
Add component (AddParameter): Name = "Part Number"; Value = "CAPC0285"; VariantName = "[No Variations]"
Add component (AddParameter): Name = "Tolerance"; Value = "%10"; VariantName = "[No Variations]"
Add component (AddParameter): Name = "Value"; Value = "100nF"; VariantName = "[No Variations]"
Add component (AddParameter): Name = "Value Rating"; Value = "nF"; VariantName = "[No Variations]"
Add component (AddParameter): Name = "Values"; Value = "100nF 50V"; VariantName = "[No Variations]"
Add component (AddParameter): Name = "Voltage"; Value = "50V"; VariantName = "[No Variations]"
Added Component: Designator=C15(CAPC 0603)
Add component (AddParameter): Name = "Category"; Value = "Capacitor Ceramic"; VariantName = "[No Variations]"
Add component (AddParameter): Name = "Package / Case"; Value = "0603"; VariantName = "[No Variations]"
Add component (AddParameter): Name = "Part Number"; Value = "CAPC0301"; VariantName = "[No Variations]"
Add component (AddParameter): Name = "Tolerance"; Value = "%10"; VariantName = "[No Variations]"
Add component (AddParameter): Name = "Value"; Value = "10uF"; VariantName = "[No Variations]"
Add component (AddParameter): Name = "Value Rating"; Value = "uF"; VariantName = "[No Variations]"
Add component (AddParameter): Name = "Values"; Value = "10uF 50V"; VariantName = "[No Variations]"
Add component (AddParameter): Name = "Voltage"; Value = "50V"; VariantName = "[No Variations]"
Added Component: Designator=C16(CAPC 0603)
Add component (AddParameter): Name = "Category"; Value = "Capacitor Ceramic"; VariantName = "[No Variations]"
Add component (AddParameter): Name = "Favorites"; Value = "Favorite"; VariantName = "[No Variations]"
Add component (AddParameter): Name = "Package / Case"; Value = "0603"; VariantName = "[No Variations]"
Add component (AddParameter): Name = "Part Number"; Value = "CAPC0285"; VariantName = "[No Variations]"
Add component (AddParameter): Name = "Tolerance"; Value = "%10"; VariantName = "[No Variations]"
Add component (AddParameter): Name = "Value"; Value = "100nF"; VariantName = "[No Variations]"
Add component (AddParameter): Name = "Value Rating"; Value = "nF"; VariantName = "[No Variations]"
Add component (AddParameter): Name = "Values"; Value = "100nF 50V"; VariantName = "[No Variations]"
Add component (AddParameter): Name = "Voltage"; Value = "50V"; VariantName = "[No Variations]"
Added Component: Designator=C17(CAPC 1206)
Add component (AddParameter): Name = "Category"; Value = "Capacitor Ceramic"; VariantName = "[No Variations]"
Add component (AddParameter): Name = "Package / Case"; Value = "1206"; VariantName = "[No Variations]"
Add component (AddParameter): Name = "Part Number"; Value = "CAPC0953"; VariantName = "[No Variations]"
Add component (AddParameter): Name = "Tolerance"; Value = "%10"; VariantName = "[No Variations]"
Add component (AddParameter): Name = "Value"; Value = "1uF"; VariantName = "[No Variations]"
Add component (AddParameter): Name = "Value Rating"; Value = "uF"; VariantName = "[No Variations]"
Add component (AddParameter): Name = "Values"; Value = "1uF 25V"; VariantName = "[No Variations]"
Add component (AddParameter): Name = "Voltage"; Value = "25V"; VariantName = "[No Variations]"
Added Component: Designator=C18(CAPC 1206)
Add component (AddParameter): Name = "Category"; Value = "Capacitor Ceramic"; VariantName = "[No Variations]"
Add component (AddParameter): Name = "Package / Case"; Value = "1206"; VariantName = "[No Variations]"
Add component (AddParameter): Name = "Part Number"; Value = "CAPC0953"; VariantName = "[No Variations]"
Add component (AddParameter): Name = "Tolerance"; Value = "%10"; VariantName = "[No Variations]"
Add component (AddParameter): Name = "Value"; Value = "1uF"; VariantName = "[No Variations]"
Add component (AddParameter): Name = "Value Rating"; Value = "uF"; VariantName = "[No Variations]"
Add component (AddParameter): Name = "Values"; Value = "1uF 25V"; VariantName = "[No Variations]"
Add component (AddParameter): Name = "Voltage"; Value = "25V"; VariantName = "[No Variations]"
Added Component: Designator=C19(CAPC 1206)
Add component (AddParameter): Name = "Category"; Value = "Capacitor Ceramic"; VariantName = "[No Variations]"
Add component (AddParameter): Name = "Package / Case"; Value = "1206"; VariantName = "[No Variations]"
Add component (AddParameter): Name = "Part Number"; Value = "CAPC0953"; VariantName = "[No Variations]"
Add component (AddParameter): Name = "Tolerance"; Value = "%10"; VariantName = "[No Variations]"
Add component (AddParameter): Name = "Value"; Value = "1uF"; VariantName = "[No Variations]"
Add component (AddParameter): Name = "Value Rating"; Value = "uF"; VariantName = "[No Variations]"
Add component (AddParameter): Name = "Values"; Value = "1uF 25V"; VariantName = "[No Variations]"
Add component (AddParameter): Name = "Voltage"; Value = "25V"; VariantName = "[No Variations]"
Added Component: Designator=C20(CAPC 1206)
Add component (AddParameter): Name = "Category"; Value = "Capacitor Ceramic"; VariantName = "[No Variations]"
Add component (AddParameter): Name = "Package / Case"; Value = "1206"; VariantName = "[No Variations]"
Add component (AddParameter): Name = "Part Number"; Value = "CAPC0953"; VariantName = "[No Variations]"
Add component (AddParameter): Name = "Tolerance"; Value = "%10"; VariantName = "[No Variations]"
Add component (AddParameter): Name = "Value"; Value = "1uF"; VariantName = "[No Variations]"
Add component (AddParameter): Name = "Value Rating"; Value = "uF"; VariantName = "[No Variations]"
Add component (AddParameter): Name = "Values"; Value = "1uF 25V"; VariantName = "[No Variations]"
Add component (AddParameter): Name = "Voltage"; Value = "25V"; VariantName = "[No Variations]"
Added Component: Designator=C21(CAPC 1206)
Add component (AddParameter): Name = "Category"; Value = "Capacitor Ceramic"; VariantName = "[No Variations]"
Add component (AddParameter): Name = "Package / Case"; Value = "1206"; VariantName = "[No Variations]"
Add component (AddParameter): Name = "Part Number"; Value = "CAPC0953"; VariantName = "[No Variations]"
Add component (AddParameter): Name = "Tolerance"; Value = "%10"; VariantName = "[No Variations]"
Add component (AddParameter): Name = "Value"; Value = "1uF"; VariantName = "[No Variations]"
Add component (AddParameter): Name = "Value Rating"; Value = "uF"; VariantName = "[No Variations]"
Add component (AddParameter): Name = "Values"; Value = "1uF 25V"; VariantName = "[No Variations]"
Add component (AddParameter): Name = "Voltage"; Value = "25V"; VariantName = "[No Variations]"
Added Component: Designator=C22(CAPC 1206)
Add component (AddParameter): Name = "Category"; Value = "Capacitor Ceramic"; VariantName = "[No Variations]"
Add component (AddParameter): Name = "Package / Case"; Value = "1206"; VariantName = "[No Variations]"
Add component (AddParameter): Name = "Part Number"; Value = "CAPC0953"; VariantName = "[No Variations]"
Add component (AddParameter): Name = "Tolerance"; Value = "%10"; VariantName = "[No Variations]"
Add component (AddParameter): Name = "Value"; Value = "1uF"; VariantName = "[No Variations]"
Add component (AddParameter): Name = "Value Rating"; Value = "uF"; VariantName = "[No Variations]"
Add component (AddParameter): Name = "Values"; Value = "1uF 25V"; VariantName = "[No Variations]"
Add component (AddParameter): Name = "Voltage"; Value = "25V"; VariantName = "[No Variations]"
Added Component: Designator=C23(CAPC 1206)
Add component (AddParameter): Name = "Category"; Value = "Capacitor Ceramic"; VariantName = "[No Variations]"
Add component (AddParameter): Name = "Package / Case"; Value = "1206"; VariantName = "[No Variations]"
Add component (AddParameter): Name = "Part Number"; Value = "CAPC0953"; VariantName = "[No Variations]"
Add component (AddParameter): Name = "Tolerance"; Value = "%10"; VariantName = "[No Variations]"
Add component (AddParameter): Name = "Value"; Value = "1uF"; VariantName = "[No Variations]"
Add component (AddParameter): Name = "Value Rating"; Value = "uF"; VariantName = "[No Variations]"
Add component (AddParameter): Name = "Values"; Value = "1uF 25V"; VariantName = "[No Variations]"
Add component (AddParameter): Name = "Voltage"; Value = "25V"; VariantName = "[No Variations]"
Added Component: Designator=C24(CAPC 1206)
Add component (AddParameter): Name = "Category"; Value = "Capacitor Ceramic"; VariantName = "[No Variations]"
Add component (AddParameter): Name = "Package / Case"; Value = "1206"; VariantName = "[No Variations]"
Add component (AddParameter): Name = "Part Number"; Value = "CAPC0953"; VariantName = "[No Variations]"
Add component (AddParameter): Name = "Tolerance"; Value = "%10"; VariantName = "[No Variations]"
Add component (AddParameter): Name = "Value"; Value = "1uF"; VariantName = "[No Variations]"
Add component (AddParameter): Name = "Value Rating"; Value = "uF"; VariantName = "[No Variations]"
Add component (AddParameter): Name = "Values"; Value = "1uF 25V"; VariantName = "[No Variations]"
Add component (AddParameter): Name = "Voltage"; Value = "25V"; VariantName = "[No Variations]"
Added Component: Designator=C25(CAPC 0603)
Add component (AddParameter): Name = "Category"; Value = "Capacitor Ceramic"; VariantName = "[No Variations]"
Add component (AddParameter): Name = "Favorites"; Value = "Favorite"; VariantName = "[No Variations]"
Add component (AddParameter): Name = "Package / Case"; Value = "0603"; VariantName = "[No Variations]"
Add component (AddParameter): Name = "Part Number"; Value = "CAPC0285"; VariantName = "[No Variations]"
Add component (AddParameter): Name = "Tolerance"; Value = "%10"; VariantName = "[No Variations]"
Add component (AddParameter): Name = "Value"; Value = "100nF"; VariantName = "[No Variations]"
Add component (AddParameter): Name = "Value Rating"; Value = "nF"; VariantName = "[No Variations]"
Add component (AddParameter): Name = "Values"; Value = "100nF 50V"; VariantName = "[No Variations]"
Add component (AddParameter): Name = "Voltage"; Value = "50V"; VariantName = "[No Variations]"
Added Component: Designator=C26(CAPC 0603)
Add component (AddParameter): Name = "Category"; Value = "Capacitor Ceramic"; VariantName = "[No Variations]"
Add component (AddParameter): Name = "Favorites"; Value = "Favorite"; VariantName = "[No Variations]"
Add component (AddParameter): Name = "Package / Case"; Value = "0603"; VariantName = "[No Variations]"
Add component (AddParameter): Name = "Part Number"; Value = "CAPC0277"; VariantName = "[No Variations]"
Add component (AddParameter): Name = "Tolerance"; Value = "%10"; VariantName = "[No Variations]"
Add component (AddParameter): Name = "Value"; Value = "10nF"; VariantName = "[No Variations]"
Add component (AddParameter): Name = "Value Rating"; Value = "nF"; VariantName = "[No Variations]"
Add component (AddParameter): Name = "Values"; Value = "10nF 50V"; VariantName = "[No Variations]"
Add component (AddParameter): Name = "Voltage"; Value = "50V"; VariantName = "[No Variations]"
Added Component: Designator=D1(SOD470X100-2N)
Add component (AddParameter): Name = "Manufacturer"; Value = "Nexperia USA"; VariantName = "[No Variations]"
Add component (AddParameter): Name = "Manufacturer Part Number"; Value = "PMEG3050BEP,115"; VariantName = "[No Variations]"
Add component (AddParameter): Name = "Pricing 1"; Value = "1=0.44, 10=0.373, 100=0.2786, 500=0.2189, 1000=0.1692 (USD)"; VariantName = "[No Variations]"
Add component (AddParameter): Name = "Stock 1"; Value = "62590"; VariantName = "[No Variations]"
Add component (AddParameter): Name = "Supplier 1"; Value = "Digi-Key"; VariantName = "[No Variations]"
Add component (AddParameter): Name = "Supplier Part Number 1"; Value = "1727-5207-1-ND"; VariantName = "[No Variations]"
Added Component: Designator=D2(DO-214AC, SMA)
Add component (AddParameter): Name = "Category"; Value = "Diode Schottky"; VariantName = "[No Variations]"
Add component (AddParameter): Name = "Current"; Value = "FILL!!!"; VariantName = "[No Variations]"
Add component (AddParameter): Name = "Diode Type"; Value = "Schottky"; VariantName = "[No Variations]"
Add component (AddParameter): Name = "Manufacturer Part Number"; Value = ""; VariantName = "[No Variations]"
Add component (AddParameter): Name = "Package / Case"; Value = "DO-214AC, SMA"; VariantName = "[No Variations]"
Add component (AddParameter): Name = "Part Number"; Value = "Diode0012"; VariantName = "[No Variations]"
Add component (AddParameter): Name = "Speed"; Value = "FILL!!!"; VariantName = "[No Variations]"
Add component (AddParameter): Name = "Values"; Value = "FILL!!!"; VariantName = "[No Variations]"
Add component (AddParameter): Name = "Voltage - DC Reverse (Vr)"; Value = "FILL!!!"; VariantName = "[No Variations]"
Add component (AddParameter): Name = "Voltage - Forward (Vf)"; Value = "FILL!!!"; VariantName = "[No Variations]"
Added Component: Designator=E1(esc)
Added Component: Designator=E2(esc)
Added Component: Designator=E3(esc)
Added Component: Designator=E4(esc)
Added Component: Designator=E5(esc)
Added Component: Designator=FB1(FCM1608KF-601T03)
Added Component: Designator=G1(gnd)
Added Component: Designator=G2(gnd)
Added Component: Designator=G3(gnd)
Added Component: Designator=G4(gnd)
Added Component: Designator=G5(gnd)
Added Component: Designator=J1(AMASS_XT60PW-M)
Add component (AddParameter): Name = "Availability"; Value = "Unavailable"; VariantName = "[No Variations]"
Add component (AddParameter): Name = "MF"; Value = "AMASS"; VariantName = "[No Variations]"
Add component (AddParameter): Name = "MP"; Value = "XT60PW-M"; VariantName = "[No Variations]"
Add component (AddParameter): Name = "Package"; Value = "Package Analog Devices"; VariantName = "[No Variations]"
Add component (AddParameter): Name = "Price"; Value = "None"; VariantName = "[No Variations]"
Add component (AddParameter): Name = "SnapEDA_Link"; Value = "https://www.snapeda.com/parts/XT60PW-M%20/AMASS/view-part/3075559/?ref=snap"; VariantName = "[No Variations]"
Add component (AddParameter): Name = "Value"; Value = ""; VariantName = "[No Variations]"
Added Component: Designator=LED1(LED RED 0603)
Added Component: Designator=LED2(LED BLUE 0603)
Added Component: Designator=M1(mp)
Added Component: Designator=P1(HDR_2.54_1X2)
Add component (AddParameter): Name = "Category"; Value = "Connectors"; VariantName = "[No Variations]"
Add component (AddParameter): Name = "Package / Case"; Value = "HDR_2.54_1X2"; VariantName = "[No Variations]"
Add component (AddParameter): Name = "Part Number"; Value = "Connector0008"; VariantName = "[No Variations]"
Add component (AddParameter): Name = "Values"; Value = "Header 2.54 1x2"; VariantName = "[No Variations]"
Added Component: Designator=R1(RESC 0603)
Add component (AddParameter): Name = "Category"; Value = "Resistor"; VariantName = "[No Variations]"
Add component (AddParameter): Name = "Package / Case"; Value = "0603"; VariantName = "[No Variations]"
Add component (AddParameter): Name = "Part Number"; Value = "R0188"; VariantName = "[No Variations]"
Add component (AddParameter): Name = "Power"; Value = "1/10W"; VariantName = "[No Variations]"
Add component (AddParameter): Name = "Tolerance"; Value = "%5"; VariantName = "[No Variations]"
Add component (AddParameter): Name = "Value"; Value = "470R"; VariantName = "[No Variations]"
Add component (AddParameter): Name = "Values"; Value = "470R"; VariantName = "[No Variations]"
Added Component: Designator=R2(RESC 0603)
Add component (AddParameter): Name = "Category"; Value = "Resistor"; VariantName = "[No Variations]"
Add component (AddParameter): Name = "Package / Case"; Value = "0603"; VariantName = "[No Variations]"
Add component (AddParameter): Name = "Part Number"; Value = "R0188"; VariantName = "[No Variations]"
Add component (AddParameter): Name = "Power"; Value = "1/10W"; VariantName = "[No Variations]"
Add component (AddParameter): Name = "Tolerance"; Value = "%5"; VariantName = "[No Variations]"
Add component (AddParameter): Name = "Value"; Value = "470R"; VariantName = "[No Variations]"
Add component (AddParameter): Name = "Values"; Value = "470R"; VariantName = "[No Variations]"
Added Component: Designator=R3(RESC 0603)
Add component (AddParameter): Name = "Category"; Value = "Resistor"; VariantName = "[No Variations]"
Add component (AddParameter): Name = "Package / Case"; Value = "0603"; VariantName = "[No Variations]"
Add component (AddParameter): Name = "Part Number"; Value = "R0212"; VariantName = "[No Variations]"
Add component (AddParameter): Name = "Power"; Value = "1/10W"; VariantName = "[No Variations]"
Add component (AddParameter): Name = "Tolerance"; Value = "%5"; VariantName = "[No Variations]"
Add component (AddParameter): Name = "Value"; Value = "4.7K"; VariantName = "[No Variations]"
Add component (AddParameter): Name = "Values"; Value = "4.7K"; VariantName = "[No Variations]"
Added Component: Designator=R4(RESC 0805)
Add component (AddParameter): Name = "Category"; Value = "Resistor"; VariantName = "[No Variations]"
Add component (AddParameter): Name = "Package / Case"; Value = "0805"; VariantName = "[No Variations]"
Add component (AddParameter): Name = "Part Number"; Value = "R0376"; VariantName = "[No Variations]"
Add component (AddParameter): Name = "Power"; Value = "1/10W"; VariantName = "[No Variations]"
Add component (AddParameter): Name = "Tolerance"; Value = "%5"; VariantName = "[No Variations]"
Add component (AddParameter): Name = "Value"; Value = "27K"; VariantName = "[No Variations]"
Add component (AddParameter): Name = "Values"; Value = "27K"; VariantName = "[No Variations]"
Added Component: Designator=R5(RESC 0805)
Add component (AddParameter): Name = "Category"; Value = "Resistor"; VariantName = "[No Variations]"
Add component (AddParameter): Name = "Package / Case"; Value = "0805"; VariantName = "[No Variations]"
Add component (AddParameter): Name = "Part Number"; Value = "R0366"; VariantName = "[No Variations]"
Add component (AddParameter): Name = "Power"; Value = "1/10W"; VariantName = "[No Variations]"
Add component (AddParameter): Name = "Tolerance"; Value = "%5"; VariantName = "[No Variations]"
Add component (AddParameter): Name = "Value"; Value = "10K"; VariantName = "[No Variations]"
Add component (AddParameter): Name = "Values"; Value = "10K"; VariantName = "[No Variations]"
Added Component: Designator=U1(Allegro_MicroSystems_LLC_CB-5-PFF_MFG)
Added Pin To Net: NetName=GND Pin=C1-1
Added Pin To Net: NetName=ESC Pin=C1-2
Added Pin To Net: NetName=GND Pin=C2-1
Added Pin To Net: NetName=ESC Pin=C2-2
Added Pin To Net: NetName=GND Pin=C3-1
Added Pin To Net: NetName=ESC Pin=C3-2
Added Pin To Net: NetName=GND Pin=C4-1
Added Pin To Net: NetName=ESC Pin=C4-2
Added Pin To Net: NetName=GND Pin=C5-1
Added Pin To Net: NetName=+12V Pin=C5-2
Added Pin To Net: NetName=GND Pin=C6-1
Added Pin To Net: NetName=+12V Pin=C6-2
Added Pin To Net: NetName=GND Pin=C7-1
Added Pin To Net: NetName=+12V Pin=C7-2
Added Pin To Net: NetName=GND Pin=C8-1
Added Pin To Net: NetName=+12V Pin=C8-2
Added Pin To Net: NetName=GND Pin=C9-1
Added Pin To Net: NetName=ESC Pin=C9-2
Added Pin To Net: NetName=GND Pin=C10-1
Added Pin To Net: NetName=ESC Pin=C10-2
Added Pin To Net: NetName=GND Pin=C11-1
Added Pin To Net: NetName=ESC Pin=C11-2
Added Pin To Net: NetName=GND Pin=C12-1
Added Pin To Net: NetName=ESC Pin=C12-2
Added Pin To Net: NetName=GND Pin=C13-1
Added Pin To Net: NetName=+12V Pin=C13-2
Added Pin To Net: NetName=GND Pin=C14-1
Added Pin To Net: NetName=+12V Pin=C14-2
Added Pin To Net: NetName=GND Pin=C15-1
Added Pin To Net: NetName=+5V Pin=C15-2
Added Pin To Net: NetName=GND Pin=C16-1
Added Pin To Net: NetName=+5V Pin=C16-2
Added Pin To Net: NetName=GND Pin=C17-1
Added Pin To Net: NetName=ESC Pin=C17-2
Added Pin To Net: NetName=GND Pin=C18-1
Added Pin To Net: NetName=ESC Pin=C18-2
Added Pin To Net: NetName=GND Pin=C19-1
Added Pin To Net: NetName=ESC Pin=C19-2
Added Pin To Net: NetName=GND Pin=C20-1
Added Pin To Net: NetName=ESC Pin=C20-2
Added Pin To Net: NetName=GND Pin=C21-1
Added Pin To Net: NetName=ESC Pin=C21-2
Added Pin To Net: NetName=GND Pin=C22-1
Added Pin To Net: NetName=ESC Pin=C22-2
Added Pin To Net: NetName=GND Pin=C23-1
Added Pin To Net: NetName=ESC Pin=C23-2
Added Pin To Net: NetName=GND Pin=C24-1
Added Pin To Net: NetName=ESC Pin=C24-2
Added Pin To Net: NetName=GND Pin=C25-1
Added Pin To Net: NetName=+5V Pin=C25-2
Added Pin To Net: NetName=GND Pin=C26-1
Added Pin To Net: NetName=CS-ADC Pin=C26-2
Added Pin To Net: NetName=NetD1_1 Pin=D1-1
Added Pin To Net: NetName=NetD1_2 Pin=D1-2
Added Pin To Net: NetName=+12V Pin=D2-1
Added Pin To Net: NetName=GND Pin=D2-2
Added Pin To Net: NetName=ESC Pin=E1-1
Added Pin To Net: NetName=ESC Pin=E2-1
Added Pin To Net: NetName=ESC Pin=E3-1
Added Pin To Net: NetName=ESC Pin=E4-1
Added Pin To Net: NetName=+5V Pin=E5-1
Added Pin To Net: NetName=+12V Pin=FB1-1
Added Pin To Net: NetName=NetD1_2 Pin=FB1-2
Added Pin To Net: NetName=GND Pin=G1-1
Added Pin To Net: NetName=GND Pin=G2-1
Added Pin To Net: NetName=GND Pin=G3-1
Added Pin To Net: NetName=GND Pin=G4-1
Added Pin To Net: NetName=GND Pin=G5-1
Added Pin To Net: NetName=GND Pin=J1-1
Added Pin To Net: NetName=+12V Pin=J1-2
Added Pin To Net: NetName=NetLED1_1 Pin=LED1-1
Added Pin To Net: NetName=GND Pin=LED1-2
Added Pin To Net: NetName=NetLED2_1 Pin=LED2-1
Added Pin To Net: NetName=GND Pin=LED2-2
Added Pin To Net: NetName=NetD1_1 Pin=M1-1
Added Pin To Net: NetName=NetD1_1 Pin=M1-2
Added Pin To Net: NetName=+5V Pin=M1-3
Added Pin To Net: NetName=+5V Pin=M1-4
Added Pin To Net: NetName=GND Pin=M1-5
Added Pin To Net: NetName=GND Pin=M1-6
Added Pin To Net: NetName=GND Pin=M1-7
Added Pin To Net: NetName=GND Pin=M1-8
Added Pin To Net: NetName=CS-ADC Pin=P1-1
Added Pin To Net: NetName=GB-ADC Pin=P1-2
Added Pin To Net: NetName=NetLED1_1 Pin=R1-1
Added Pin To Net: NetName=+12V Pin=R1-2
Added Pin To Net: NetName=NetLED2_1 Pin=R2-1
Added Pin To Net: NetName=+5V Pin=R2-2
Added Pin To Net: NetName=CS-ADC Pin=R3-1
Added Pin To Net: NetName=NetR3_2 Pin=R3-2
Added Pin To Net: NetName=GB-ADC Pin=R4-1
Added Pin To Net: NetName=+12V Pin=R4-2
Added Pin To Net: NetName=GND Pin=R5-1
Added Pin To Net: NetName=GB-ADC Pin=R5-2
Added Pin To Net: NetName=+5V Pin=U1-1
Added Pin To Net: NetName=GND Pin=U1-2
Added Pin To Net: NetName=NetR3_2 Pin=U1-3
Added Pin To Net: NetName=+12V Pin=U1-4
Added Pin To Net: NetName=+12V Pin=U1-4
Added Pin To Net: NetName=+12V Pin=U1-4
Added Pin To Net: NetName=ESC Pin=U1-5
Added Pin To Net: NetName=ESC Pin=U1-5
Added Pin To Net: NetName=ESC Pin=U1-5
Added Member To Class: ClassName=2022_AESK_UAV_POWER Member=Component C1 1uF
Added Member To Class: ClassName=2022_AESK_UAV_POWER Member=Component C2 1uF
Added Member To Class: ClassName=2022_AESK_UAV_POWER Member=Component C3 1uF
Added Member To Class: ClassName=2022_AESK_UAV_POWER Member=Component C4 1uF
Added Member To Class: ClassName=2022_AESK_UAV_POWER Member=Component C5 1uF
Added Member To Class: ClassName=2022_AESK_UAV_POWER Member=Component C6 1uF
Added Member To Class: ClassName=2022_AESK_UAV_POWER Member=Component C7 1uF
Added Member To Class: ClassName=2022_AESK_UAV_POWER Member=Component C8 1uF
Added Member To Class: ClassName=2022_AESK_UAV_POWER Member=Component C9 1uF
Added Member To Class: ClassName=2022_AESK_UAV_POWER Member=Component C10 1uF
Added Member To Class: ClassName=2022_AESK_UAV_POWER Member=Component C11 1uF
Added Member To Class: ClassName=2022_AESK_UAV_POWER Member=Component C12 1uF
Added Member To Class: ClassName=2022_AESK_UAV_POWER Member=Component C13 10uF
Added Member To Class: ClassName=2022_AESK_UAV_POWER Member=Component C14 100nF
Added Member To Class: ClassName=2022_AESK_UAV_POWER Member=Component C15 10uF
Added Member To Class: ClassName=2022_AESK_UAV_POWER Member=Component C16 100nF
Added Member To Class: ClassName=2022_AESK_UAV_POWER Member=Component C17 1uF
Added Member To Class: ClassName=2022_AESK_UAV_POWER Member=Component C18 1uF
Added Member To Class: ClassName=2022_AESK_UAV_POWER Member=Component C19 1uF
Added Member To Class: ClassName=2022_AESK_UAV_POWER Member=Component C20 1uF
Added Member To Class: ClassName=2022_AESK_UAV_POWER Member=Component C21 1uF
Added Member To Class: ClassName=2022_AESK_UAV_POWER Member=Component C22 1uF
Added Member To Class: ClassName=2022_AESK_UAV_POWER Member=Component C23 1uF
Added Member To Class: ClassName=2022_AESK_UAV_POWER Member=Component C24 1uF
Added Member To Class: ClassName=2022_AESK_UAV_POWER Member=Component C25 100nF
Added Member To Class: ClassName=2022_AESK_UAV_POWER Member=Component C26 10nF
Added Member To Class: ClassName=2022_AESK_UAV_POWER Member=Component D1 PMEG3050BEP
Added Member To Class: ClassName=2022_AESK_UAV_POWER Member=Component D2
Added Member To Class: ClassName=2022_AESK_UAV_POWER Member=Component E1 esc
Added Member To Class: ClassName=2022_AESK_UAV_POWER Member=Component E2 esc
Added Member To Class: ClassName=2022_AESK_UAV_POWER Member=Component E3 esc
Added Member To Class: ClassName=2022_AESK_UAV_POWER Member=Component E4 esc
Added Member To Class: ClassName=2022_AESK_UAV_POWER Member=Component E5 esc
Added Member To Class: ClassName=2022_AESK_UAV_POWER Member=Component FB1 Ferrite Bead
Added Member To Class: ClassName=2022_AESK_UAV_POWER Member=Component G1 gnd
Added Member To Class: ClassName=2022_AESK_UAV_POWER Member=Component G2 gnd
Added Member To Class: ClassName=2022_AESK_UAV_POWER Member=Component G3 gnd
Added Member To Class: ClassName=2022_AESK_UAV_POWER Member=Component G4 gnd
Added Member To Class: ClassName=2022_AESK_UAV_POWER Member=Component G5 gnd
Added Member To Class: ClassName=2022_AESK_UAV_POWER Member=Component J1 XT60PW-M
Added Member To Class: ClassName=2022_AESK_UAV_POWER Member=Component LED1
Added Member To Class: ClassName=2022_AESK_UAV_POWER Member=Component LED2
Added Member To Class: ClassName=2022_AESK_UAV_POWER Member=Component M1 DC-DC Conv(0.8V-18V&3A)
Added Member To Class: ClassName=2022_AESK_UAV_POWER Member=Component P1 1x2 PIN
Added Member To Class: ClassName=2022_AESK_UAV_POWER Member=Component R1 470R
Added Member To Class: ClassName=2022_AESK_UAV_POWER Member=Component R2 470R
Added Member To Class: ClassName=2022_AESK_UAV_POWER Member=Component R3 4.7K
Added Member To Class: ClassName=2022_AESK_UAV_POWER Member=Component R4 27K
Added Member To Class: ClassName=2022_AESK_UAV_POWER Member=Component R5 10K
Added Member To Class: ClassName=2022_AESK_UAV_POWER Member=Component U1 ACS758KCB-150B-PFF-T
Added Room: Name=2022_AESK_UAV_POWER
