Removed Pin From Net: NetName=+3.3V Pin=M2-1
Removed Pin From Net: NetName=GND Pin=M2-2
Removed Pin From Net: NetName=I2C2-SCL Pin=M2-3
Removed Pin From Net: NetName=I2C2-SDA Pin=M2-4
Removed Pin From Net: NetName=+3.3V Pin=M2-5
Removed Pin From Net: NetName=MS5611_SD0 Pin=M2-6
Removed Pin From Net: NetName=+3.3V Pin=M2-7
Removed Member From Class: ClassName=2022_AESK_UAV_Sensors Member=M2
Added Component: Designator=P1(HDR1X7)
Add component (AddParameter): Name = "LatestRevisionDate"; Value = "17-Jul-2002"; VariantName = "[No Variations]"
Add component (AddParameter): Name = "LatestRevisionNote"; Value = "Re-released for DXP Platform."; VariantName = "[No Variations]"
Add component (AddParameter): Name = "Publisher"; Value = "Altium Limited"; VariantName = "[No Variations]"
Added Pin To Net: NetName=+3.3V Pin=P1-1
Added Pin To Net: NetName=GND Pin=P1-2
Added Pin To Net: NetName=I2C2-SCL Pin=P1-3
Added Pin To Net: NetName=I2C2-SDA Pin=P1-4
Added Pin To Net: NetName=+3.3V Pin=P1-5
Added Pin To Net: NetName=MS5611_SD0 Pin=P1-6
Added Pin To Net: NetName=+3.3V Pin=P1-7
Added Member To Class: ClassName=2022_AESK_UAV_Sensors Member=Component P1 Header 7
Added Room: Name=2022_AESK_UAV_CAN
Added Room: Name=2022_AESK_UAV_CONNECTOR
Added Room: Name=2022_AESK_UAV_EXT_CONN
Added Room: Name=2022_AESK_UAV_Islemci
Added Room: Name=2022_AESK_UAV_Power
Added Room: Name=2022_AESK_UAV_Sensors
