Change Component Footprint: Designator=C15 Old Footprint=CAPC 0805 New Footprint=CAPC 0603
Change Component Footprint: Designator=C16 Old Footprint=CAPC 0805 New Footprint=CAPC 0603
Change Component Footprint: Designator=C17 Old Footprint=CAPC 0805 New Footprint=CAPC 0603
Change Component Footprint: Designator=C18 Old Footprint=CAPC 0805 New Footprint=CAPC 0603
Change Component Designator: OldDesignator=D? NewDesignator=D2
Change Component Designator: OldDesignator=R? NewDesignator=R9
Change Component Designator: OldDesignator=R? NewDesignator=R10
Change component parameters: Designator = "C15" ("C15"); Footprint = "CAPC 0805"; UniqueID = "\HMUDLACR" ("\HMUDLACR")
Change component parameters (AddParameter): Name = "Category"; Value = "Capacitor Ceramic"; VariantName = "[No Variations]"
Change component parameters (AddParameter): Name = "Package / Case"; Value = "0603"; VariantName = "[No Variations]"
Change component parameters (AddParameter): Name = "Part Number"; Value = "CAPC0233"; VariantName = "[No Variations]"
Change component parameters (AddParameter): Name = "Tolerance"; Value = "%10"; VariantName = "[No Variations]"
Change component parameters (AddParameter): Name = "Value"; Value = "1pF"; VariantName = "[No Variations]"
Change component parameters (AddParameter): Name = "Value Rating"; Value = "pF"; VariantName = "[No Variations]"
Change component parameters (AddParameter): Name = "Values"; Value = "1pF 50V"; VariantName = "[No Variations]"
Change component parameters (AddParameter): Name = "Voltage"; Value = "50V"; VariantName = "[No Variations]"
Change component parameters: Designator = "C16" ("C16"); Footprint = "CAPC 0805"; UniqueID = "\RADBJEWQ" ("\RADBJEWQ")
Change component parameters (AddParameter): Name = "Category"; Value = "Capacitor Ceramic"; VariantName = "[No Variations]"
Change component parameters (AddParameter): Name = "Package / Case"; Value = "0603"; VariantName = "[No Variations]"
Change component parameters (AddParameter): Name = "Part Number"; Value = "CAPC0233"; VariantName = "[No Variations]"
Change component parameters (AddParameter): Name = "Tolerance"; Value = "%10"; VariantName = "[No Variations]"
Change component parameters (AddParameter): Name = "Value"; Value = "1pF"; VariantName = "[No Variations]"
Change component parameters (AddParameter): Name = "Value Rating"; Value = "pF"; VariantName = "[No Variations]"
Change component parameters (AddParameter): Name = "Values"; Value = "1pF 50V"; VariantName = "[No Variations]"
Change component parameters (AddParameter): Name = "Voltage"; Value = "50V"; VariantName = "[No Variations]"
Change component parameters: Designator = "C17" ("C17"); Footprint = "CAPC 0805"; UniqueID = "\YBRUIKKH" ("\YBRUIKKH")
Change component parameters (AddParameter): Name = "Category"; Value = "Capacitor Ceramic"; VariantName = "[No Variations]"
Change component parameters (AddParameter): Name = "Package / Case"; Value = "0603"; VariantName = "[No Variations]"
Change component parameters (AddParameter): Name = "Part Number"; Value = "CAPC0246"; VariantName = "[No Variations]"
Change component parameters (AddParameter): Name = "Tolerance"; Value = "%10"; VariantName = "[No Variations]"
Change component parameters (AddParameter): Name = "Value"; Value = "20pF"; VariantName = "[No Variations]"
Change component parameters (AddParameter): Name = "Value Rating"; Value = "pF"; VariantName = "[No Variations]"
Change component parameters (AddParameter): Name = "Values"; Value = "20pF 50V"; VariantName = "[No Variations]"
Change component parameters (AddParameter): Name = "Voltage"; Value = "50V"; VariantName = "[No Variations]"
Change component parameters: Designator = "C18" ("C18"); Footprint = "CAPC 0805"; UniqueID = "\SGBONXWG" ("\SGBONXWG")
Change component parameters (AddParameter): Name = "Category"; Value = "Capacitor Ceramic"; VariantName = "[No Variations]"
Change component parameters (AddParameter): Name = "Package / Case"; Value = "0603"; VariantName = "[No Variations]"
Change component parameters (AddParameter): Name = "Part Number"; Value = "CAPC0246"; VariantName = "[No Variations]"
Change component parameters (AddParameter): Name = "Tolerance"; Value = "%10"; VariantName = "[No Variations]"
Change component parameters (AddParameter): Name = "Value"; Value = "20pF"; VariantName = "[No Variations]"
Change component parameters (AddParameter): Name = "Value Rating"; Value = "pF"; VariantName = "[No Variations]"
Change component parameters (AddParameter): Name = "Values"; Value = "20pF 50V"; VariantName = "[No Variations]"
Change component parameters (AddParameter): Name = "Voltage"; Value = "50V"; VariantName = "[No Variations]"
Change Net Name : Old Net Name=NetR14_1 New Net Name=NetR9_2
Change Net Name : Old Net Name=NetR15_1 New Net Name=NetR10_2
Added Member To Class: ClassName=2022_AESK_UAV_CAN Member=Component R10 69.1K
Added Room: Name=2022_AESK_UAV_CAN
Added Room: Name=2022_AESK_UAV_CONNECTOR
Added Room: Name=2022_AESK_UAV_EXT_CONN
Added Room: Name=2022_AESK_UAV_Islemci
Added Room: Name=2022_AESK_UAV_Power
Added Room: Name=2022_AESK_UAV_Sensors
